2024-03-05 00:56:21,340 - INFO - 	 ########################################################## 

2024-03-05 00:56:21,340 - INFO - 			INFOMATION OF CONFIGURATION:
2024-03-05 00:56:21,340 - INFO - Namespace(based_process=True, batch_size=8, data_lemma=False, data_path='../Medical-Abstracts-TC-Corpus', epochs=3, learning_rate=5e-05, loss_type='ce', max_length=512, model_dir='../pre-train', model_pretrain='bert-base-uncased', output_dir='../output-fine-tuning', padding=True, reduce_gamma=0.2, reduce_step_size=2, scheduler=False, step_per_epoch=200, threshold=0.5, truncate=True)
2024-03-05 00:56:21,340 - INFO - 	 Loading and Processing training data. 

2024-03-05 00:56:21,340 - INFO - *** MedicalTextDataLoader: Data path: ../Medical-Abstracts-TC-Corpus
2024-03-05 00:56:21,340 - INFO - *** MedicalTextDataLoader: Data preprocess: preprocessed-medical_tc_train.csv
2024-03-05 00:56:21,656 - INFO - *** MedicalTextDataLoader: Loaded and process with 'normalize_medical_abstract' column
2024-03-05 00:56:21,659 - INFO - 	 Loading and Processing testing data. 

2024-03-05 00:56:21,659 - INFO - *** MedicalTextDataLoader: Data path: ../Medical-Abstracts-TC-Corpus
2024-03-05 00:56:21,659 - INFO - *** MedicalTextDataLoader: Data preprocess: preprocessed-medical_tc_test.csv
2024-03-05 00:56:21,751 - INFO - *** MedicalTextDataLoader: Loaded and process with 'normalize_medical_abstract' column
2024-03-05 00:56:21,788 - INFO - *** MedicalTextOptimizeLoss: MedicalText Optimization loss creating...
2024-03-05 00:56:25,228 - INFO - *** MedicalTextOptimizeLoss: MedicalText Optimization loss was loaded.
2024-03-05 00:56:25,229 - INFO - *** MedicalTextOptimizeLoss: Successfully created initialize_optimizer with scheduler: False
2024-03-05 00:56:53,749 - INFO - *** MedicalTextClassifier: Successfully created train-test DataLoader
2024-03-05 00:56:53,750 - INFO - *** MedicalTextClassifier: Training and Evaluating...
2024-03-05 00:56:54,126 - INFO - 	 Batch 0/1181, 	 loss: 0.7144
2024-03-05 00:57:50,035 - INFO - 	 Batch 200/1181, 	 loss: 0.3610
2024-03-05 00:58:46,521 - INFO - 	 Batch 400/1181, 	 loss: 0.3189
2024-03-05 00:59:43,306 - INFO - 	 Batch 600/1181, 	 loss: 0.3088
2024-03-05 01:00:40,205 - INFO - 	 Batch 800/1181, 	 loss: 0.3920
2024-03-05 01:01:37,131 - INFO - 	 Batch 1000/1181, 	 loss: 0.5171
2024-03-05 01:02:28,285 - INFO - 	 Epoch 1 - Training : Accuracy  = 0.8449, F1-Score Micro = 0.6236, F1-Score Macro = 0.4805
2024-03-05 01:03:03,698 - INFO - 	 Epoch 1 - Testing : Accuracy Micro  = 0.8487, F1-Score Micro = 0.6399, F1-Score Macro = 0.5058
2024-03-05 01:03:04,200 - INFO - 	 Save the best model at epoch(s) 1 - saved output: ../output-fine-tuning/bert-base-uncased-ce-True-False-False.pth
2024-03-05 01:03:04,486 - INFO - 	 Batch 0/1181, 	 loss: 0.2918
2024-03-05 01:04:01,623 - INFO - 	 Batch 200/1181, 	 loss: 0.3452
2024-03-05 01:04:58,856 - INFO - 	 Batch 400/1181, 	 loss: 0.1286
2024-03-05 01:05:56,099 - INFO - 	 Batch 600/1181, 	 loss: 0.3703
2024-03-05 01:06:53,350 - INFO - 	 Batch 800/1181, 	 loss: 0.1996
2024-03-05 01:07:50,571 - INFO - 	 Batch 1000/1181, 	 loss: 0.2941
2024-03-05 01:08:42,011 - INFO - 	 Epoch 2 - Training : Accuracy  = 0.8851, F1-Score Micro = 0.7578, F1-Score Macro = 0.6085
2024-03-05 01:09:17,580 - INFO - 	 Epoch 2 - Testing : Accuracy Micro  = 0.8444, F1-Score Micro = 0.6441, F1-Score Macro = 0.5162
2024-03-05 01:09:18,406 - INFO - 	 Save the best model at epoch(s) 2 - saved output: ../output-fine-tuning/bert-base-uncased-ce-True-False-False.pth
2024-03-05 01:09:18,695 - INFO - 	 Batch 0/1181, 	 loss: 0.4328
2024-03-05 01:10:16,023 - INFO - 	 Batch 200/1181, 	 loss: 0.2160
2024-03-05 01:11:13,274 - INFO - 	 Batch 400/1181, 	 loss: 0.0530
2024-03-05 01:12:10,498 - INFO - 	 Batch 600/1181, 	 loss: 0.2919
2024-03-05 01:13:07,709 - INFO - 	 Batch 800/1181, 	 loss: 0.2896
2024-03-05 01:14:04,949 - INFO - 	 Batch 1000/1181, 	 loss: 0.3796
2024-03-05 01:14:56,349 - INFO - 	 Epoch 3 - Training : Accuracy  = 0.9088, F1-Score Micro = 0.8111, F1-Score Macro = 0.6685
2024-03-05 01:15:31,928 - INFO - 	 Epoch 3 - Testing : Accuracy Micro  = 0.8382, F1-Score Micro = 0.6390, F1-Score Macro = 0.5159
2024-03-05 01:15:31,928 - INFO - Best statistic for testing: 0.6441034582132569
2024-03-05 01:15:40,349 - INFO - 	 ########################################################## 

2024-03-05 01:15:40,350 - INFO - 			INFOMATION OF CONFIGURATION:
2024-03-05 01:15:40,350 - INFO - Namespace(based_process=True, batch_size=8, data_lemma=False, data_path='../Medical-Abstracts-TC-Corpus', epochs=3, learning_rate=5e-05, loss_type='ce', max_length=512, model_dir='../pre-train', model_pretrain='roberta-base', output_dir='../output-fine-tuning', padding=True, reduce_gamma=0.2, reduce_step_size=2, scheduler=False, step_per_epoch=200, threshold=0.5, truncate=True)
2024-03-05 01:15:40,350 - INFO - 	 Loading and Processing training data. 

2024-03-05 01:15:40,350 - INFO - *** MedicalTextDataLoader: Data path: ../Medical-Abstracts-TC-Corpus
2024-03-05 01:15:40,350 - INFO - *** MedicalTextDataLoader: Data preprocess: preprocessed-medical_tc_train.csv
2024-03-05 01:15:40,670 - INFO - *** MedicalTextDataLoader: Loaded and process with 'normalize_medical_abstract' column
2024-03-05 01:15:40,673 - INFO - 	 Loading and Processing testing data. 

2024-03-05 01:15:40,673 - INFO - *** MedicalTextDataLoader: Data path: ../Medical-Abstracts-TC-Corpus
2024-03-05 01:15:40,673 - INFO - *** MedicalTextDataLoader: Data preprocess: preprocessed-medical_tc_test.csv
2024-03-05 01:15:40,766 - INFO - *** MedicalTextDataLoader: Loaded and process with 'normalize_medical_abstract' column
2024-03-05 01:15:40,802 - INFO - *** MedicalTextOptimizeLoss: MedicalText Optimization loss creating...
2024-03-05 01:15:44,430 - INFO - *** MedicalTextOptimizeLoss: MedicalText Optimization loss was loaded.
2024-03-05 01:15:44,431 - INFO - *** MedicalTextOptimizeLoss: Successfully created initialize_optimizer with scheduler: False
2024-03-05 01:15:54,838 - INFO - *** MedicalTextClassifier: Successfully created train-test DataLoader
2024-03-05 01:15:54,839 - INFO - *** MedicalTextClassifier: Training and Evaluating...
2024-03-05 01:15:55,164 - INFO - 	 Batch 0/1181, 	 loss: 0.6998
2024-03-05 01:16:52,566 - INFO - 	 Batch 200/1181, 	 loss: 0.5786
2024-03-05 01:17:50,188 - INFO - 	 Batch 400/1181, 	 loss: 0.5686
2024-03-05 01:18:47,878 - INFO - 	 Batch 600/1181, 	 loss: 0.5150
2024-03-05 01:19:45,590 - INFO - 	 Batch 800/1181, 	 loss: 0.4380
2024-03-05 01:20:43,340 - INFO - 	 Batch 1000/1181, 	 loss: 0.5929
2024-03-05 01:21:35,233 - INFO - 	 Epoch 1 - Training : Accuracy  = 0.7540, F1-Score Micro = 0.0229, F1-Score Macro = 0.0107
2024-03-05 01:22:10,765 - INFO - 	 Epoch 1 - Testing : Accuracy Micro  = 0.7915, F1-Score Micro = 0.0000, F1-Score Macro = 0.0000
2024-03-05 01:22:11,057 - INFO - 	 Batch 0/1181, 	 loss: 0.4833
2024-03-05 01:23:08,810 - INFO - 	 Batch 200/1181, 	 loss: 0.5830
2024-03-05 01:24:06,569 - INFO - 	 Batch 400/1181, 	 loss: 0.4806
2024-03-05 01:25:04,299 - INFO - 	 Batch 600/1181, 	 loss: 0.5704
2024-03-05 01:26:02,005 - INFO - 	 Batch 800/1181, 	 loss: 0.5008
2024-03-05 01:26:59,730 - INFO - 	 Batch 1000/1181, 	 loss: 0.4744
2024-03-05 01:27:51,585 - INFO - 	 Epoch 2 - Training : Accuracy  = 0.7552, F1-Score Micro = 0.0012, F1-Score Macro = 0.0006
2024-03-05 01:28:27,107 - INFO - 	 Epoch 2 - Testing : Accuracy Micro  = 0.7915, F1-Score Micro = 0.0000, F1-Score Macro = 0.0000
2024-03-05 01:28:27,399 - INFO - 	 Batch 0/1181, 	 loss: 0.6123
2024-03-05 01:29:25,139 - INFO - 	 Batch 200/1181, 	 loss: 0.5819
2024-03-05 01:30:22,890 - INFO - 	 Batch 400/1181, 	 loss: 0.5055
2024-03-05 01:31:20,634 - INFO - 	 Batch 600/1181, 	 loss: 0.4332
2024-03-05 01:32:18,337 - INFO - 	 Batch 800/1181, 	 loss: 0.6279
2024-03-05 01:33:16,047 - INFO - 	 Batch 1000/1181, 	 loss: 0.4594
2024-03-05 01:34:07,914 - INFO - 	 Epoch 3 - Training : Accuracy  = 0.7553, F1-Score Micro = 0.0033, F1-Score Macro = 0.0015
2024-03-05 01:34:43,412 - INFO - 	 Epoch 3 - Testing : Accuracy Micro  = 0.7803, F1-Score Micro = 0.1202, F1-Score Macro = 0.0471
2024-03-05 01:34:44,029 - INFO - 	 Save the best model at epoch(s) 3 - saved output: ../output-fine-tuning/roberta-base-ce-True-False-False.pth
2024-03-05 01:34:44,029 - INFO - Best statistic for testing: 0.1202345821325649
2024-03-05 01:34:53,357 - INFO - 	 ########################################################## 

2024-03-05 01:34:53,358 - INFO - 			INFOMATION OF CONFIGURATION:
2024-03-05 01:34:53,358 - INFO - Namespace(based_process=True, batch_size=8, data_lemma=False, data_path='../Medical-Abstracts-TC-Corpus', epochs=3, learning_rate=5e-05, loss_type='ce', max_length=512, model_dir='../pre-train', model_pretrain='bioBERT_v1.1', output_dir='../output-fine-tuning', padding=True, reduce_gamma=0.2, reduce_step_size=2, scheduler=False, step_per_epoch=200, threshold=0.5, truncate=True)
2024-03-05 01:34:53,358 - INFO - 	 Loading and Processing training data. 

2024-03-05 01:34:53,358 - INFO - *** MedicalTextDataLoader: Data path: ../Medical-Abstracts-TC-Corpus
2024-03-05 01:34:53,358 - INFO - *** MedicalTextDataLoader: Data preprocess: preprocessed-medical_tc_train.csv
2024-03-05 01:34:53,680 - INFO - *** MedicalTextDataLoader: Loaded and process with 'normalize_medical_abstract' column
2024-03-05 01:34:53,683 - INFO - 	 Loading and Processing testing data. 

2024-03-05 01:34:53,683 - INFO - *** MedicalTextDataLoader: Data path: ../Medical-Abstracts-TC-Corpus
2024-03-05 01:34:53,683 - INFO - *** MedicalTextDataLoader: Data preprocess: preprocessed-medical_tc_test.csv
2024-03-05 01:34:53,778 - INFO - *** MedicalTextDataLoader: Loaded and process with 'normalize_medical_abstract' column
2024-03-05 01:34:53,815 - INFO - *** MedicalTextOptimizeLoss: MedicalText Optimization loss creating...
2024-03-05 01:34:57,249 - INFO - *** MedicalTextOptimizeLoss: MedicalText Optimization loss was loaded.
2024-03-05 01:34:57,250 - INFO - *** MedicalTextOptimizeLoss: Successfully created initialize_optimizer with scheduler: False
2024-03-05 01:35:21,049 - INFO - *** MedicalTextClassifier: Successfully created train-test DataLoader
2024-03-05 01:35:21,049 - INFO - *** MedicalTextClassifier: Training and Evaluating...
2024-03-05 01:35:21,435 - INFO - 	 Batch 0/1181, 	 loss: 0.6530
2024-03-05 01:36:18,354 - INFO - 	 Batch 200/1181, 	 loss: 0.2680
2024-03-05 01:37:15,606 - INFO - 	 Batch 400/1181, 	 loss: 0.3738
2024-03-05 01:38:12,931 - INFO - 	 Batch 600/1181, 	 loss: 0.4430
2024-03-05 01:39:10,257 - INFO - 	 Batch 800/1181, 	 loss: 0.2592
2024-03-05 01:40:07,566 - INFO - 	 Batch 1000/1181, 	 loss: 0.2702
2024-03-05 01:40:59,057 - INFO - 	 Epoch 1 - Training : Accuracy  = 0.8676, F1-Score Micro = 0.6960, F1-Score Macro = 0.5599
2024-03-05 01:41:34,607 - INFO - 	 Epoch 1 - Testing : Accuracy Micro  = 0.8504, F1-Score Micro = 0.6791, F1-Score Macro = 0.5491
2024-03-05 01:41:35,128 - INFO - 	 Save the best model at epoch(s) 1 - saved output: ../output-fine-tuning/bioBERT_v1.1-ce-True-False-False.pth
2024-03-05 01:41:35,414 - INFO - 	 Batch 0/1181, 	 loss: 0.1761
2024-03-05 01:42:32,666 - INFO - 	 Batch 200/1181, 	 loss: 0.1867
2024-03-05 01:43:29,935 - INFO - 	 Batch 400/1181, 	 loss: 0.1112
2024-03-05 01:44:27,219 - INFO - 	 Batch 600/1181, 	 loss: 0.3662
2024-03-05 01:45:24,456 - INFO - 	 Batch 800/1181, 	 loss: 0.2367
2024-03-05 01:46:21,681 - INFO - 	 Batch 1000/1181, 	 loss: 0.3114
2024-03-05 01:47:13,061 - INFO - 	 Epoch 2 - Training : Accuracy  = 0.9031, F1-Score Micro = 0.8000, F1-Score Macro = 0.6617
2024-03-05 01:47:48,604 - INFO - 	 Epoch 2 - Testing : Accuracy Micro  = 0.8548, F1-Score Micro = 0.6779, F1-Score Macro = 0.5556
2024-03-05 01:47:48,892 - INFO - 	 Batch 0/1181, 	 loss: 0.1384
2024-03-05 01:48:46,093 - INFO - 	 Batch 200/1181, 	 loss: 0.2190
2024-03-05 01:49:43,307 - INFO - 	 Batch 400/1181, 	 loss: 0.2056
2024-03-05 01:50:40,537 - INFO - 	 Batch 600/1181, 	 loss: 0.1015
2024-03-05 01:51:37,772 - INFO - 	 Batch 800/1181, 	 loss: 0.1442
2024-03-05 01:52:35,013 - INFO - 	 Batch 1000/1181, 	 loss: 0.1406
2024-03-05 01:53:26,395 - INFO - 	 Epoch 3 - Training : Accuracy  = 0.9248, F1-Score Micro = 0.8468, F1-Score Macro = 0.7013
2024-03-05 01:54:01,934 - INFO - 	 Epoch 3 - Testing : Accuracy Micro  = 0.8461, F1-Score Micro = 0.6662, F1-Score Macro = 0.5480
2024-03-05 01:54:01,934 - INFO - Best statistic for testing: 0.6790521613832855
2024-03-05 01:54:10,676 - INFO - 	 ########################################################## 

2024-03-05 01:54:10,677 - INFO - 			INFOMATION OF CONFIGURATION:
2024-03-05 01:54:10,677 - INFO - Namespace(based_process=True, batch_size=8, data_lemma=False, data_path='../Medical-Abstracts-TC-Corpus', epochs=3, learning_rate=5e-05, loss_type='ce', max_length=512, model_dir='../pre-train', model_pretrain='alBERT_base_v2', output_dir='../output-fine-tuning', padding=True, reduce_gamma=0.2, reduce_step_size=2, scheduler=False, step_per_epoch=200, threshold=0.5, truncate=True)
2024-03-05 01:54:10,677 - INFO - 	 Loading and Processing training data. 

2024-03-05 01:54:10,677 - INFO - *** MedicalTextDataLoader: Data path: ../Medical-Abstracts-TC-Corpus
2024-03-05 01:54:10,677 - INFO - *** MedicalTextDataLoader: Data preprocess: preprocessed-medical_tc_train.csv
2024-03-05 01:54:10,998 - INFO - *** MedicalTextDataLoader: Loaded and process with 'normalize_medical_abstract' column
2024-03-05 01:54:11,000 - INFO - 	 Loading and Processing testing data. 

2024-03-05 01:54:11,001 - INFO - *** MedicalTextDataLoader: Data path: ../Medical-Abstracts-TC-Corpus
2024-03-05 01:54:11,001 - INFO - *** MedicalTextDataLoader: Data preprocess: preprocessed-medical_tc_test.csv
2024-03-05 01:54:11,094 - INFO - *** MedicalTextDataLoader: Loaded and process with 'normalize_medical_abstract' column
2024-03-05 01:54:11,132 - INFO - *** MedicalTextOptimizeLoss: MedicalText Optimization loss creating...
2024-03-05 01:54:13,774 - INFO - *** MedicalTextOptimizeLoss: MedicalText Optimization loss was loaded.
2024-03-05 01:54:13,774 - INFO - *** MedicalTextOptimizeLoss: Successfully created initialize_optimizer with scheduler: False
2024-03-05 01:54:27,280 - INFO - *** MedicalTextClassifier: Successfully created train-test DataLoader
2024-03-05 01:54:27,280 - INFO - *** MedicalTextClassifier: Training and Evaluating...
2024-03-05 01:54:27,646 - INFO - 	 Batch 0/1181, 	 loss: 0.7227
2024-03-05 01:55:27,201 - INFO - 	 Batch 200/1181, 	 loss: 0.5467
2024-03-05 01:56:27,053 - INFO - 	 Batch 400/1181, 	 loss: 0.6365
2024-03-05 01:57:26,602 - INFO - 	 Batch 600/1181, 	 loss: 0.4682
2024-03-05 01:58:26,096 - INFO - 	 Batch 800/1181, 	 loss: 0.4629
2024-03-05 01:59:25,611 - INFO - 	 Batch 1000/1181, 	 loss: 0.4663
2024-03-05 02:00:19,030 - INFO - 	 Epoch 1 - Training : Accuracy  = 0.7532, F1-Score Micro = 0.0315, F1-Score Macro = 0.0135
2024-03-05 02:00:57,455 - INFO - 	 Epoch 1 - Testing : Accuracy Micro  = 0.7901, F1-Score Micro = 0.0032, F1-Score Macro = 0.0017
2024-03-05 02:00:57,512 - INFO - 	 Save the best model at epoch(s) 1 - saved output: ../output-fine-tuning/alBERT_base_v2-ce-True-False-False.pth
2024-03-05 02:00:57,810 - INFO - 	 Batch 0/1181, 	 loss: 0.5410
2024-03-05 02:01:57,306 - INFO - 	 Batch 200/1181, 	 loss: 0.5741
2024-03-05 02:02:56,870 - INFO - 	 Batch 400/1181, 	 loss: 0.4910
2024-03-05 02:03:56,358 - INFO - 	 Batch 600/1181, 	 loss: 0.5912
2024-03-05 02:04:55,822 - INFO - 	 Batch 800/1181, 	 loss: 0.5145
2024-03-05 02:05:55,295 - INFO - 	 Batch 1000/1181, 	 loss: 0.4671
2024-03-05 02:06:48,725 - INFO - 	 Epoch 2 - Training : Accuracy  = 0.7550, F1-Score Micro = 0.0260, F1-Score Macro = 0.0116
2024-03-05 02:07:27,172 - INFO - 	 Epoch 2 - Testing : Accuracy Micro  = 0.7913, F1-Score Micro = 0.0012, F1-Score Macro = 0.0005
2024-03-05 02:07:27,471 - INFO - 	 Batch 0/1181, 	 loss: 0.5488
2024-03-05 02:08:26,978 - INFO - 	 Batch 200/1181, 	 loss: 0.4763
2024-03-05 02:09:26,461 - INFO - 	 Batch 400/1181, 	 loss: 0.5102
2024-03-05 02:10:25,919 - INFO - 	 Batch 600/1181, 	 loss: 0.4858
2024-03-05 02:11:25,290 - INFO - 	 Batch 800/1181, 	 loss: 0.4877
2024-03-05 02:12:24,672 - INFO - 	 Batch 1000/1181, 	 loss: 0.4910
2024-03-05 02:13:17,992 - INFO - 	 Epoch 3 - Training : Accuracy  = 0.7540, F1-Score Micro = 0.0160, F1-Score Macro = 0.0075
2024-03-05 02:13:56,358 - INFO - 	 Epoch 3 - Testing : Accuracy Micro  = 0.7903, F1-Score Micro = 0.0019, F1-Score Macro = 0.0010
2024-03-05 02:13:56,359 - INFO - Best statistic for testing: 0.003201729106628242
2024-03-05 02:14:05,044 - INFO - 	 ########################################################## 

2024-03-05 02:14:05,044 - INFO - 			INFOMATION OF CONFIGURATION:
2024-03-05 02:14:05,044 - INFO - Namespace(based_process=True, batch_size=8, data_lemma=False, data_path='../Medical-Abstracts-TC-Corpus', epochs=3, learning_rate=5e-05, loss_type='ce', max_length=512, model_dir='../pre-train', model_pretrain='bluebert_pubmed_uncased', output_dir='../output-fine-tuning', padding=True, reduce_gamma=0.2, reduce_step_size=2, scheduler=False, step_per_epoch=200, threshold=0.5, truncate=True)
2024-03-05 02:14:05,044 - INFO - 	 Loading and Processing training data. 

2024-03-05 02:14:05,044 - INFO - *** MedicalTextDataLoader: Data path: ../Medical-Abstracts-TC-Corpus
2024-03-05 02:14:05,044 - INFO - *** MedicalTextDataLoader: Data preprocess: preprocessed-medical_tc_train.csv
2024-03-05 02:14:05,367 - INFO - *** MedicalTextDataLoader: Loaded and process with 'normalize_medical_abstract' column
2024-03-05 02:14:05,370 - INFO - 	 Loading and Processing testing data. 

2024-03-05 02:14:05,370 - INFO - *** MedicalTextDataLoader: Data path: ../Medical-Abstracts-TC-Corpus
2024-03-05 02:14:05,370 - INFO - *** MedicalTextDataLoader: Data preprocess: preprocessed-medical_tc_test.csv
2024-03-05 02:14:05,463 - INFO - *** MedicalTextDataLoader: Loaded and process with 'normalize_medical_abstract' column
2024-03-05 02:14:05,496 - INFO - *** MedicalTextOptimizeLoss: MedicalText Optimization loss creating...
2024-03-05 02:14:08,918 - INFO - *** MedicalTextOptimizeLoss: MedicalText Optimization loss was loaded.
2024-03-05 02:14:08,919 - INFO - *** MedicalTextOptimizeLoss: Successfully created initialize_optimizer with scheduler: False
2024-03-05 02:14:37,904 - INFO - *** MedicalTextClassifier: Successfully created train-test DataLoader
2024-03-05 02:14:37,904 - INFO - *** MedicalTextClassifier: Training and Evaluating...
2024-03-05 02:14:38,304 - INFO - 	 Batch 0/1181, 	 loss: 0.7177
2024-03-05 02:15:35,179 - INFO - 	 Batch 200/1181, 	 loss: 0.2787
2024-03-05 02:16:32,395 - INFO - 	 Batch 400/1181, 	 loss: 0.2587
2024-03-05 02:17:29,626 - INFO - 	 Batch 600/1181, 	 loss: 0.2345
2024-03-05 02:18:26,920 - INFO - 	 Batch 800/1181, 	 loss: 0.2188
2024-03-05 02:19:24,193 - INFO - 	 Batch 1000/1181, 	 loss: 0.1445
2024-03-05 02:20:15,637 - INFO - 	 Epoch 1 - Training : Accuracy  = 0.8600, F1-Score Micro = 0.6700, F1-Score Macro = 0.5357
2024-03-05 02:20:51,197 - INFO - 	 Epoch 1 - Testing : Accuracy Micro  = 0.8573, F1-Score Micro = 0.6662, F1-Score Macro = 0.5249
2024-03-05 02:20:51,710 - INFO - 	 Save the best model at epoch(s) 1 - saved output: ../output-fine-tuning/bluebert_pubmed_uncased-ce-True-False-False.pth
2024-03-05 02:20:51,997 - INFO - 	 Batch 0/1181, 	 loss: 0.2727
2024-03-05 02:21:49,252 - INFO - 	 Batch 200/1181, 	 loss: 0.1373
2024-03-05 02:22:46,519 - INFO - 	 Batch 400/1181, 	 loss: 0.4214
2024-03-05 02:23:43,811 - INFO - 	 Batch 600/1181, 	 loss: 0.3335
2024-03-05 02:24:41,089 - INFO - 	 Batch 800/1181, 	 loss: 0.2179
2024-03-05 02:25:38,338 - INFO - 	 Batch 1000/1181, 	 loss: 0.2363
2024-03-05 02:26:29,822 - INFO - 	 Epoch 2 - Training : Accuracy  = 0.9024, F1-Score Micro = 0.7978, F1-Score Macro = 0.6511
2024-03-05 02:27:05,375 - INFO - 	 Epoch 2 - Testing : Accuracy Micro  = 0.8544, F1-Score Micro = 0.6628, F1-Score Macro = 0.5306
2024-03-05 02:27:05,664 - INFO - 	 Batch 0/1181, 	 loss: 0.2384
2024-03-05 02:28:02,943 - INFO - 	 Batch 200/1181, 	 loss: 0.2220
2024-03-05 02:29:00,208 - INFO - 	 Batch 400/1181, 	 loss: 0.2231
2024-03-05 02:29:57,458 - INFO - 	 Batch 600/1181, 	 loss: 0.3451
2024-03-05 02:30:54,721 - INFO - 	 Batch 800/1181, 	 loss: 0.1144
2024-03-05 02:31:51,967 - INFO - 	 Batch 1000/1181, 	 loss: 0.2881
2024-03-05 02:32:43,363 - INFO - 	 Epoch 3 - Training : Accuracy  = 0.9247, F1-Score Micro = 0.8460, F1-Score Macro = 0.7016
2024-03-05 02:33:18,916 - INFO - 	 Epoch 3 - Testing : Accuracy Micro  = 0.8383, F1-Score Micro = 0.6558, F1-Score Macro = 0.5317
2024-03-05 02:33:18,916 - INFO - Best statistic for testing: 0.666180691642652
2024-03-05 02:33:27,659 - INFO - 	 ########################################################## 

2024-03-05 02:33:27,659 - INFO - 			INFOMATION OF CONFIGURATION:
2024-03-05 02:33:27,659 - INFO - Namespace(based_process=True, batch_size=8, data_lemma=False, data_path='../Medical-Abstracts-TC-Corpus', epochs=3, learning_rate=5e-05, loss_type='ce', max_length=512, model_dir='../pre-train', model_pretrain='clinicalBERT', output_dir='../output-fine-tuning', padding=True, reduce_gamma=0.2, reduce_step_size=2, scheduler=False, step_per_epoch=200, threshold=0.5, truncate=True)
2024-03-05 02:33:27,659 - INFO - 	 Loading and Processing training data. 

2024-03-05 02:33:27,659 - INFO - *** MedicalTextDataLoader: Data path: ../Medical-Abstracts-TC-Corpus
2024-03-05 02:33:27,659 - INFO - *** MedicalTextDataLoader: Data preprocess: preprocessed-medical_tc_train.csv
2024-03-05 02:33:27,980 - INFO - *** MedicalTextDataLoader: Loaded and process with 'normalize_medical_abstract' column
2024-03-05 02:33:27,982 - INFO - 	 Loading and Processing testing data. 

2024-03-05 02:33:27,983 - INFO - *** MedicalTextDataLoader: Data path: ../Medical-Abstracts-TC-Corpus
2024-03-05 02:33:27,983 - INFO - *** MedicalTextDataLoader: Data preprocess: preprocessed-medical_tc_test.csv
2024-03-05 02:33:28,078 - INFO - *** MedicalTextDataLoader: Loaded and process with 'normalize_medical_abstract' column
2024-03-05 02:33:28,115 - INFO - *** MedicalTextOptimizeLoss: MedicalText Optimization loss creating...
2024-03-05 02:33:31,859 - INFO - *** MedicalTextOptimizeLoss: MedicalText Optimization loss was loaded.
2024-03-05 02:33:31,860 - INFO - *** MedicalTextOptimizeLoss: Successfully created initialize_optimizer with scheduler: False
2024-03-05 02:34:01,460 - INFO - *** MedicalTextClassifier: Successfully created train-test DataLoader
2024-03-05 02:34:01,460 - INFO - *** MedicalTextClassifier: Training and Evaluating...
2024-03-05 02:34:01,710 - INFO - 	 Batch 0/1181, 	 loss: 0.6802
2024-03-05 02:34:33,697 - INFO - 	 Batch 200/1181, 	 loss: 0.5135
2024-03-05 02:35:05,781 - INFO - 	 Batch 400/1181, 	 loss: 0.2854
2024-03-05 02:35:37,949 - INFO - 	 Batch 600/1181, 	 loss: 0.6450
2024-03-05 02:36:10,159 - INFO - 	 Batch 800/1181, 	 loss: 0.3484
2024-03-05 02:36:42,390 - INFO - 	 Batch 1000/1181, 	 loss: 0.2255
2024-03-05 02:37:11,352 - INFO - 	 Epoch 1 - Training : Accuracy  = 0.8563, F1-Score Micro = 0.6620, F1-Score Macro = 0.5304
2024-03-05 02:37:29,390 - INFO - 	 Epoch 1 - Testing : Accuracy Micro  = 0.8398, F1-Score Micro = 0.6356, F1-Score Macro = 0.4634
2024-03-05 02:37:30,124 - INFO - 	 Save the best model at epoch(s) 1 - saved output: ../output-fine-tuning/clinicalBERT-ce-True-False-False.pth
2024-03-05 02:37:30,287 - INFO - 	 Batch 0/1181, 	 loss: 0.2384
2024-03-05 02:38:02,525 - INFO - 	 Batch 200/1181, 	 loss: 0.5043
2024-03-05 02:38:34,762 - INFO - 	 Batch 400/1181, 	 loss: 0.2699
2024-03-05 02:39:06,997 - INFO - 	 Batch 600/1181, 	 loss: 0.1348
2024-03-05 02:39:39,228 - INFO - 	 Batch 800/1181, 	 loss: 0.3043
2024-03-05 02:40:11,455 - INFO - 	 Batch 1000/1181, 	 loss: 0.1502
2024-03-05 02:40:40,413 - INFO - 	 Epoch 2 - Training : Accuracy  = 0.8923, F1-Score Micro = 0.7740, F1-Score Macro = 0.6286
2024-03-05 02:40:58,453 - INFO - 	 Epoch 2 - Testing : Accuracy Micro  = 0.8562, F1-Score Micro = 0.6624, F1-Score Macro = 0.5279
2024-03-05 02:40:59,941 - INFO - 	 Save the best model at epoch(s) 2 - saved output: ../output-fine-tuning/clinicalBERT-ce-True-False-False.pth
2024-03-05 02:41:00,104 - INFO - 	 Batch 0/1181, 	 loss: 0.0722
2024-03-05 02:41:32,330 - INFO - 	 Batch 200/1181, 	 loss: 0.3535
2024-03-05 02:42:04,575 - INFO - 	 Batch 400/1181, 	 loss: 0.2529
2024-03-05 02:42:36,823 - INFO - 	 Batch 600/1181, 	 loss: 0.1931
2024-03-05 02:43:09,072 - INFO - 	 Batch 800/1181, 	 loss: 0.1567
2024-03-05 02:43:41,323 - INFO - 	 Batch 1000/1181, 	 loss: 0.1713
2024-03-05 02:44:10,292 - INFO - 	 Epoch 3 - Training : Accuracy  = 0.9145, F1-Score Micro = 0.8245, F1-Score Macro = 0.6811
2024-03-05 02:44:28,341 - INFO - 	 Epoch 3 - Testing : Accuracy Micro  = 0.8417, F1-Score Micro = 0.6478, F1-Score Macro = 0.5039
2024-03-05 02:44:28,342 - INFO - Best statistic for testing: 0.6623832853025943
2024-03-05 02:44:36,981 - INFO - 	 ########################################################## 

2024-03-05 02:44:36,981 - INFO - 			INFOMATION OF CONFIGURATION:
2024-03-05 02:44:36,981 - INFO - Namespace(based_process=True, batch_size=8, data_lemma=False, data_path='../Medical-Abstracts-TC-Corpus', epochs=3, learning_rate=5e-05, loss_type='fcl', max_length=512, model_dir='../pre-train', model_pretrain='bert-base-uncased', output_dir='../output-fine-tuning', padding=True, reduce_gamma=0.2, reduce_step_size=2, scheduler=False, step_per_epoch=200, threshold=0.5, truncate=True)
2024-03-05 02:44:36,981 - INFO - 	 Loading and Processing training data. 

2024-03-05 02:44:36,981 - INFO - *** MedicalTextDataLoader: Data path: ../Medical-Abstracts-TC-Corpus
2024-03-05 02:44:36,981 - INFO - *** MedicalTextDataLoader: Data preprocess: preprocessed-medical_tc_train.csv
2024-03-05 02:44:37,301 - INFO - *** MedicalTextDataLoader: Loaded and process with 'normalize_medical_abstract' column
2024-03-05 02:44:37,303 - INFO - 	 Loading and Processing testing data. 

2024-03-05 02:44:37,304 - INFO - *** MedicalTextDataLoader: Data path: ../Medical-Abstracts-TC-Corpus
2024-03-05 02:44:37,304 - INFO - *** MedicalTextDataLoader: Data preprocess: preprocessed-medical_tc_test.csv
2024-03-05 02:44:37,397 - INFO - *** MedicalTextDataLoader: Loaded and process with 'normalize_medical_abstract' column
2024-03-05 02:44:37,435 - INFO - *** MedicalTextOptimizeLoss: MedicalText Optimization loss creating...
2024-03-05 02:44:40,878 - INFO - *** MedicalTextOptimizeLoss: MedicalText Optimization loss was loaded.
2024-03-05 02:44:40,879 - INFO - *** MedicalTextOptimizeLoss: Successfully created initialize_optimizer with scheduler: False
2024-03-05 02:45:10,117 - INFO - *** MedicalTextClassifier: Successfully created train-test DataLoader
2024-03-05 02:45:10,117 - INFO - *** MedicalTextClassifier: Training and Evaluating...
2024-03-05 02:45:10,508 - INFO - 	 Batch 0/1181, 	 loss: 0.1475
2024-03-05 02:46:07,331 - INFO - 	 Batch 200/1181, 	 loss: 0.0986
2024-03-05 02:47:04,410 - INFO - 	 Batch 400/1181, 	 loss: 0.0901
2024-03-05 02:48:01,590 - INFO - 	 Batch 600/1181, 	 loss: 0.0844
2024-03-05 02:48:58,801 - INFO - 	 Batch 800/1181, 	 loss: 0.1102
2024-03-05 02:49:56,110 - INFO - 	 Batch 1000/1181, 	 loss: 0.0816
2024-03-05 02:50:47,532 - INFO - 	 Epoch 1 - Training : Accuracy  = 0.8516, F1-Score Micro = 0.6601, F1-Score Macro = 0.5185
2024-03-05 02:51:23,082 - INFO - 	 Epoch 1 - Testing : Accuracy Micro  = 0.8431, F1-Score Micro = 0.6556, F1-Score Macro = 0.5046
2024-03-05 02:51:23,604 - INFO - 	 Save the best model at epoch(s) 1 - saved output: ../output-fine-tuning/bert-base-uncased-fcl-True-False-False.pth
2024-03-05 02:51:23,890 - INFO - 	 Batch 0/1181, 	 loss: 0.1193
2024-03-05 02:52:21,158 - INFO - 	 Batch 200/1181, 	 loss: 0.0766
2024-03-05 02:53:18,404 - INFO - 	 Batch 400/1181, 	 loss: 0.0598
2024-03-05 02:54:15,629 - INFO - 	 Batch 600/1181, 	 loss: 0.1011
2024-03-05 02:55:12,862 - INFO - 	 Batch 800/1181, 	 loss: 0.0455
2024-03-05 02:56:10,095 - INFO - 	 Batch 1000/1181, 	 loss: 0.0307
2024-03-05 02:57:01,509 - INFO - 	 Epoch 2 - Training : Accuracy  = 0.8868, F1-Score Micro = 0.7635, F1-Score Macro = 0.6180
2024-03-05 02:57:37,052 - INFO - 	 Epoch 2 - Testing : Accuracy Micro  = 0.8521, F1-Score Micro = 0.6619, F1-Score Macro = 0.5296
2024-03-05 02:57:37,920 - INFO - 	 Save the best model at epoch(s) 2 - saved output: ../output-fine-tuning/bert-base-uncased-fcl-True-False-False.pth
2024-03-05 02:57:38,211 - INFO - 	 Batch 0/1181, 	 loss: 0.0720
2024-03-05 02:58:35,458 - INFO - 	 Batch 200/1181, 	 loss: 0.0780
2024-03-05 02:59:32,697 - INFO - 	 Batch 400/1181, 	 loss: 0.0857
2024-03-05 03:00:29,957 - INFO - 	 Batch 600/1181, 	 loss: 0.0500
2024-03-05 03:01:27,210 - INFO - 	 Batch 800/1181, 	 loss: 0.0680
2024-03-05 03:02:24,444 - INFO - 	 Batch 1000/1181, 	 loss: 0.0845
2024-03-05 03:03:15,838 - INFO - 	 Epoch 3 - Training : Accuracy  = 0.9107, F1-Score Micro = 0.8158, F1-Score Macro = 0.6705
2024-03-05 03:03:51,382 - INFO - 	 Epoch 3 - Testing : Accuracy Micro  = 0.8380, F1-Score Micro = 0.6241, F1-Score Macro = 0.5004
2024-03-05 03:03:51,382 - INFO - Best statistic for testing: 0.661912391930836
2024-03-05 03:04:00,147 - INFO - 	 ########################################################## 

2024-03-05 03:04:00,147 - INFO - 			INFOMATION OF CONFIGURATION:
2024-03-05 03:04:00,147 - INFO - Namespace(based_process=True, batch_size=8, data_lemma=False, data_path='../Medical-Abstracts-TC-Corpus', epochs=3, learning_rate=5e-05, loss_type='fcl', max_length=512, model_dir='../pre-train', model_pretrain='roberta-base', output_dir='../output-fine-tuning', padding=True, reduce_gamma=0.2, reduce_step_size=2, scheduler=False, step_per_epoch=200, threshold=0.5, truncate=True)
2024-03-05 03:04:00,148 - INFO - 	 Loading and Processing training data. 

2024-03-05 03:04:00,148 - INFO - *** MedicalTextDataLoader: Data path: ../Medical-Abstracts-TC-Corpus
2024-03-05 03:04:00,148 - INFO - *** MedicalTextDataLoader: Data preprocess: preprocessed-medical_tc_train.csv
2024-03-05 03:04:00,469 - INFO - *** MedicalTextDataLoader: Loaded and process with 'normalize_medical_abstract' column
2024-03-05 03:04:00,471 - INFO - 	 Loading and Processing testing data. 

2024-03-05 03:04:00,471 - INFO - *** MedicalTextDataLoader: Data path: ../Medical-Abstracts-TC-Corpus
2024-03-05 03:04:00,471 - INFO - *** MedicalTextDataLoader: Data preprocess: preprocessed-medical_tc_test.csv
2024-03-05 03:04:00,565 - INFO - *** MedicalTextDataLoader: Loaded and process with 'normalize_medical_abstract' column
2024-03-05 03:04:00,603 - INFO - *** MedicalTextOptimizeLoss: MedicalText Optimization loss creating...
2024-03-05 03:04:04,225 - INFO - *** MedicalTextOptimizeLoss: MedicalText Optimization loss was loaded.
2024-03-05 03:04:04,226 - INFO - *** MedicalTextOptimizeLoss: Successfully created initialize_optimizer with scheduler: False
2024-03-05 03:04:14,611 - INFO - *** MedicalTextClassifier: Successfully created train-test DataLoader
2024-03-05 03:04:14,612 - INFO - *** MedicalTextClassifier: Training and Evaluating...
2024-03-05 03:04:14,982 - INFO - 	 Batch 0/1181, 	 loss: 0.1782
2024-03-05 03:05:12,429 - INFO - 	 Batch 200/1181, 	 loss: 0.1449
2024-03-05 03:06:10,138 - INFO - 	 Batch 400/1181, 	 loss: 0.1495
2024-03-05 03:07:07,933 - INFO - 	 Batch 600/1181, 	 loss: 0.1330
2024-03-05 03:08:05,732 - INFO - 	 Batch 800/1181, 	 loss: 0.1415
2024-03-05 03:09:03,542 - INFO - 	 Batch 1000/1181, 	 loss: 0.1159
2024-03-05 03:09:55,435 - INFO - 	 Epoch 1 - Training : Accuracy  = 0.7516, F1-Score Micro = 0.0476, F1-Score Macro = 0.0188
2024-03-05 03:10:30,986 - INFO - 	 Epoch 1 - Testing : Accuracy Micro  = 0.7912, F1-Score Micro = 0.0051, F1-Score Macro = 0.0022
2024-03-05 03:10:31,609 - INFO - 	 Save the best model at epoch(s) 1 - saved output: ../output-fine-tuning/roberta-base-fcl-True-False-False.pth
2024-03-05 03:10:31,899 - INFO - 	 Batch 0/1181, 	 loss: 0.1525
2024-03-05 03:11:29,666 - INFO - 	 Batch 200/1181, 	 loss: 0.1360
2024-03-05 03:12:27,452 - INFO - 	 Batch 400/1181, 	 loss: 0.1275
2024-03-05 03:13:25,253 - INFO - 	 Batch 600/1181, 	 loss: 0.1340
2024-03-05 03:14:23,038 - INFO - 	 Batch 800/1181, 	 loss: 0.1458
2024-03-05 03:15:20,813 - INFO - 	 Batch 1000/1181, 	 loss: 0.1382
2024-03-05 03:16:12,680 - INFO - 	 Epoch 2 - Training : Accuracy  = 0.7539, F1-Score Micro = 0.0276, F1-Score Macro = 0.0115
2024-03-05 03:16:48,222 - INFO - 	 Epoch 2 - Testing : Accuracy Micro  = 0.7915, F1-Score Micro = 0.0005, F1-Score Macro = 0.0004
2024-03-05 03:16:48,513 - INFO - 	 Batch 0/1181, 	 loss: 0.1474
2024-03-05 03:17:46,259 - INFO - 	 Batch 200/1181, 	 loss: 0.1166
2024-03-05 03:18:44,019 - INFO - 	 Batch 400/1181, 	 loss: 0.1308
2024-03-05 03:19:41,776 - INFO - 	 Batch 600/1181, 	 loss: 0.1704
2024-03-05 03:20:39,512 - INFO - 	 Batch 800/1181, 	 loss: 0.1516
2024-03-05 03:21:37,271 - INFO - 	 Batch 1000/1181, 	 loss: 0.1437
2024-03-05 03:22:29,184 - INFO - 	 Epoch 3 - Training : Accuracy  = 0.7544, F1-Score Micro = 0.0209, F1-Score Macro = 0.0088
2024-03-05 03:23:04,744 - INFO - 	 Epoch 3 - Testing : Accuracy Micro  = 0.7913, F1-Score Micro = 0.0044, F1-Score Macro = 0.0018
2024-03-05 03:23:04,745 - INFO - Best statistic for testing: 0.00505878962536023
2024-03-05 03:23:13,422 - INFO - 	 ########################################################## 

2024-03-05 03:23:13,422 - INFO - 			INFOMATION OF CONFIGURATION:
2024-03-05 03:23:13,422 - INFO - Namespace(based_process=True, batch_size=8, data_lemma=False, data_path='../Medical-Abstracts-TC-Corpus', epochs=3, learning_rate=5e-05, loss_type='fcl', max_length=512, model_dir='../pre-train', model_pretrain='bioBERT_v1.1', output_dir='../output-fine-tuning', padding=True, reduce_gamma=0.2, reduce_step_size=2, scheduler=False, step_per_epoch=200, threshold=0.5, truncate=True)
2024-03-05 03:23:13,422 - INFO - 	 Loading and Processing training data. 

2024-03-05 03:23:13,422 - INFO - *** MedicalTextDataLoader: Data path: ../Medical-Abstracts-TC-Corpus
2024-03-05 03:23:13,422 - INFO - *** MedicalTextDataLoader: Data preprocess: preprocessed-medical_tc_train.csv
2024-03-05 03:23:13,750 - INFO - *** MedicalTextDataLoader: Loaded and process with 'normalize_medical_abstract' column
2024-03-05 03:23:13,753 - INFO - 	 Loading and Processing testing data. 

2024-03-05 03:23:13,753 - INFO - *** MedicalTextDataLoader: Data path: ../Medical-Abstracts-TC-Corpus
2024-03-05 03:23:13,753 - INFO - *** MedicalTextDataLoader: Data preprocess: preprocessed-medical_tc_test.csv
2024-03-05 03:23:13,847 - INFO - *** MedicalTextDataLoader: Loaded and process with 'normalize_medical_abstract' column
2024-03-05 03:23:13,883 - INFO - *** MedicalTextOptimizeLoss: MedicalText Optimization loss creating...
2024-03-05 03:23:17,315 - INFO - *** MedicalTextOptimizeLoss: MedicalText Optimization loss was loaded.
2024-03-05 03:23:17,316 - INFO - *** MedicalTextOptimizeLoss: Successfully created initialize_optimizer with scheduler: False
2024-03-05 03:23:41,371 - INFO - *** MedicalTextClassifier: Successfully created train-test DataLoader
2024-03-05 03:23:41,371 - INFO - *** MedicalTextClassifier: Training and Evaluating...
2024-03-05 03:23:41,766 - INFO - 	 Batch 0/1181, 	 loss: 0.2004
2024-03-05 03:24:38,624 - INFO - 	 Batch 200/1181, 	 loss: 0.0920
2024-03-05 03:25:35,776 - INFO - 	 Batch 400/1181, 	 loss: 0.0598
2024-03-05 03:26:32,975 - INFO - 	 Batch 600/1181, 	 loss: 0.0618
2024-03-05 03:27:30,218 - INFO - 	 Batch 800/1181, 	 loss: 0.0744
2024-03-05 03:28:27,515 - INFO - 	 Batch 1000/1181, 	 loss: 0.1691
2024-03-05 03:29:18,974 - INFO - 	 Epoch 1 - Training : Accuracy  = 0.8690, F1-Score Micro = 0.7133, F1-Score Macro = 0.5766
2024-03-05 03:29:54,547 - INFO - 	 Epoch 1 - Testing : Accuracy Micro  = 0.8558, F1-Score Micro = 0.6791, F1-Score Macro = 0.5409
2024-03-05 03:29:55,059 - INFO - 	 Save the best model at epoch(s) 1 - saved output: ../output-fine-tuning/bioBERT_v1.1-fcl-True-False-False.pth
2024-03-05 03:29:55,346 - INFO - 	 Batch 0/1181, 	 loss: 0.0612
2024-03-05 03:30:52,679 - INFO - 	 Batch 200/1181, 	 loss: 0.1205
2024-03-05 03:31:49,971 - INFO - 	 Batch 400/1181, 	 loss: 0.0624
2024-03-05 03:32:47,260 - INFO - 	 Batch 600/1181, 	 loss: 0.0304
2024-03-05 03:33:44,571 - INFO - 	 Batch 800/1181, 	 loss: 0.0993
2024-03-05 03:34:41,847 - INFO - 	 Batch 1000/1181, 	 loss: 0.0493
2024-03-05 03:35:33,324 - INFO - 	 Epoch 2 - Training : Accuracy  = 0.9047, F1-Score Micro = 0.8044, F1-Score Macro = 0.6686
2024-03-05 03:36:08,871 - INFO - 	 Epoch 2 - Testing : Accuracy Micro  = 0.8334, F1-Score Micro = 0.6542, F1-Score Macro = 0.5345
2024-03-05 03:36:09,161 - INFO - 	 Batch 0/1181, 	 loss: 0.0770
2024-03-05 03:37:06,459 - INFO - 	 Batch 200/1181, 	 loss: 0.0345
2024-03-05 03:38:03,794 - INFO - 	 Batch 400/1181, 	 loss: 0.0541
2024-03-05 03:39:01,057 - INFO - 	 Batch 600/1181, 	 loss: 0.0186
2024-03-05 03:39:58,307 - INFO - 	 Batch 800/1181, 	 loss: 0.0167
2024-03-05 03:40:55,553 - INFO - 	 Batch 1000/1181, 	 loss: 0.0499
2024-03-05 03:41:47,015 - INFO - 	 Epoch 3 - Training : Accuracy  = 0.9232, F1-Score Micro = 0.8435, F1-Score Macro = 0.6963
2024-03-05 03:42:22,545 - INFO - 	 Epoch 3 - Testing : Accuracy Micro  = 0.8431, F1-Score Micro = 0.6538, F1-Score Macro = 0.5287
2024-03-05 03:42:22,546 - INFO - Best statistic for testing: 0.6790674351585012
2024-03-05 03:42:31,285 - INFO - 	 ########################################################## 

2024-03-05 03:42:31,286 - INFO - 			INFOMATION OF CONFIGURATION:
2024-03-05 03:42:31,286 - INFO - Namespace(based_process=True, batch_size=8, data_lemma=False, data_path='../Medical-Abstracts-TC-Corpus', epochs=3, learning_rate=5e-05, loss_type='fcl', max_length=512, model_dir='../pre-train', model_pretrain='alBERT_base_v2', output_dir='../output-fine-tuning', padding=True, reduce_gamma=0.2, reduce_step_size=2, scheduler=False, step_per_epoch=200, threshold=0.5, truncate=True)
2024-03-05 03:42:31,286 - INFO - 	 Loading and Processing training data. 

2024-03-05 03:42:31,286 - INFO - *** MedicalTextDataLoader: Data path: ../Medical-Abstracts-TC-Corpus
2024-03-05 03:42:31,286 - INFO - *** MedicalTextDataLoader: Data preprocess: preprocessed-medical_tc_train.csv
2024-03-05 03:42:31,602 - INFO - *** MedicalTextDataLoader: Loaded and process with 'normalize_medical_abstract' column
2024-03-05 03:42:31,604 - INFO - 	 Loading and Processing testing data. 

2024-03-05 03:42:31,605 - INFO - *** MedicalTextDataLoader: Data path: ../Medical-Abstracts-TC-Corpus
2024-03-05 03:42:31,605 - INFO - *** MedicalTextDataLoader: Data preprocess: preprocessed-medical_tc_test.csv
2024-03-05 03:42:31,698 - INFO - *** MedicalTextDataLoader: Loaded and process with 'normalize_medical_abstract' column
2024-03-05 03:42:31,734 - INFO - *** MedicalTextOptimizeLoss: MedicalText Optimization loss creating...
2024-03-05 03:42:34,315 - INFO - *** MedicalTextOptimizeLoss: MedicalText Optimization loss was loaded.
2024-03-05 03:42:34,315 - INFO - *** MedicalTextOptimizeLoss: Successfully created initialize_optimizer with scheduler: False
2024-03-05 03:42:47,602 - INFO - *** MedicalTextClassifier: Successfully created train-test DataLoader
2024-03-05 03:42:47,602 - INFO - *** MedicalTextClassifier: Training and Evaluating...
2024-03-05 03:42:47,952 - INFO - 	 Batch 0/1181, 	 loss: 0.2495
2024-03-05 03:43:47,346 - INFO - 	 Batch 200/1181, 	 loss: 0.1319
2024-03-05 03:44:46,891 - INFO - 	 Batch 400/1181, 	 loss: 0.1173
2024-03-05 03:45:46,532 - INFO - 	 Batch 600/1181, 	 loss: 0.1297
2024-03-05 03:46:46,122 - INFO - 	 Batch 800/1181, 	 loss: 0.1409
2024-03-05 03:47:45,687 - INFO - 	 Batch 1000/1181, 	 loss: 0.1324
2024-03-05 03:48:39,216 - INFO - 	 Epoch 1 - Training : Accuracy  = 0.7433, F1-Score Micro = 0.1080, F1-Score Macro = 0.0443
2024-03-05 03:49:17,663 - INFO - 	 Epoch 1 - Testing : Accuracy Micro  = 0.7908, F1-Score Micro = 0.0037, F1-Score Macro = 0.0017
2024-03-05 03:49:17,734 - INFO - 	 Save the best model at epoch(s) 1 - saved output: ../output-fine-tuning/alBERT_base_v2-fcl-True-False-False.pth
2024-03-05 03:49:18,033 - INFO - 	 Batch 0/1181, 	 loss: 0.1307
2024-03-05 03:50:17,600 - INFO - 	 Batch 200/1181, 	 loss: 0.1273
2024-03-05 03:51:17,264 - INFO - 	 Batch 400/1181, 	 loss: 0.1587
2024-03-05 03:52:17,053 - INFO - 	 Batch 600/1181, 	 loss: 0.1426
2024-03-05 03:53:16,826 - INFO - 	 Batch 800/1181, 	 loss: 0.1375
2024-03-05 03:54:16,612 - INFO - 	 Batch 1000/1181, 	 loss: 0.1665
2024-03-05 03:55:10,299 - INFO - 	 Epoch 2 - Training : Accuracy  = 0.7503, F1-Score Micro = 0.0529, F1-Score Macro = 0.0203
2024-03-05 03:55:48,751 - INFO - 	 Epoch 2 - Testing : Accuracy Micro  = 0.7862, F1-Score Micro = 0.0348, F1-Score Macro = 0.0151
2024-03-05 03:55:48,861 - INFO - 	 Save the best model at epoch(s) 2 - saved output: ../output-fine-tuning/alBERT_base_v2-fcl-True-False-False.pth
2024-03-05 03:55:49,161 - INFO - 	 Batch 0/1181, 	 loss: 0.1399
2024-03-05 03:56:48,922 - INFO - 	 Batch 200/1181, 	 loss: 0.1425
2024-03-05 03:57:48,702 - INFO - 	 Batch 400/1181, 	 loss: 0.1414
2024-03-05 03:58:48,483 - INFO - 	 Batch 600/1181, 	 loss: 0.1359
2024-03-05 03:59:48,259 - INFO - 	 Batch 800/1181, 	 loss: 0.1462
2024-03-05 04:00:48,017 - INFO - 	 Batch 1000/1181, 	 loss: 0.1334
2024-03-05 04:01:41,690 - INFO - 	 Epoch 3 - Training : Accuracy  = 0.7514, F1-Score Micro = 0.0390, F1-Score Macro = 0.0152
2024-03-05 04:02:20,141 - INFO - 	 Epoch 3 - Testing : Accuracy Micro  = 0.7893, F1-Score Micro = 0.0196, F1-Score Macro = 0.0084
2024-03-05 04:02:20,141 - INFO - Best statistic for testing: 0.03476340057636892
2024-03-05 04:02:28,839 - INFO - 	 ########################################################## 

2024-03-05 04:02:28,839 - INFO - 			INFOMATION OF CONFIGURATION:
2024-03-05 04:02:28,839 - INFO - Namespace(based_process=True, batch_size=8, data_lemma=False, data_path='../Medical-Abstracts-TC-Corpus', epochs=3, learning_rate=5e-05, loss_type='fcl', max_length=512, model_dir='../pre-train', model_pretrain='bluebert_pubmed_uncased', output_dir='../output-fine-tuning', padding=True, reduce_gamma=0.2, reduce_step_size=2, scheduler=False, step_per_epoch=200, threshold=0.5, truncate=True)
2024-03-05 04:02:28,839 - INFO - 	 Loading and Processing training data. 

2024-03-05 04:02:28,839 - INFO - *** MedicalTextDataLoader: Data path: ../Medical-Abstracts-TC-Corpus
2024-03-05 04:02:28,839 - INFO - *** MedicalTextDataLoader: Data preprocess: preprocessed-medical_tc_train.csv
2024-03-05 04:02:29,161 - INFO - *** MedicalTextDataLoader: Loaded and process with 'normalize_medical_abstract' column
2024-03-05 04:02:29,164 - INFO - 	 Loading and Processing testing data. 

2024-03-05 04:02:29,164 - INFO - *** MedicalTextDataLoader: Data path: ../Medical-Abstracts-TC-Corpus
2024-03-05 04:02:29,164 - INFO - *** MedicalTextDataLoader: Data preprocess: preprocessed-medical_tc_test.csv
2024-03-05 04:02:29,257 - INFO - *** MedicalTextDataLoader: Loaded and process with 'normalize_medical_abstract' column
2024-03-05 04:02:29,295 - INFO - *** MedicalTextOptimizeLoss: MedicalText Optimization loss creating...
2024-03-05 04:02:32,750 - INFO - *** MedicalTextOptimizeLoss: MedicalText Optimization loss was loaded.
2024-03-05 04:02:32,751 - INFO - *** MedicalTextOptimizeLoss: Successfully created initialize_optimizer with scheduler: False
2024-03-05 04:03:01,822 - INFO - *** MedicalTextClassifier: Successfully created train-test DataLoader
2024-03-05 04:03:01,822 - INFO - *** MedicalTextClassifier: Training and Evaluating...
2024-03-05 04:03:02,219 - INFO - 	 Batch 0/1181, 	 loss: 0.1653
2024-03-05 04:03:59,029 - INFO - 	 Batch 200/1181, 	 loss: 0.0828
2024-03-05 04:04:56,119 - INFO - 	 Batch 400/1181, 	 loss: 0.1163
2024-03-05 04:05:53,324 - INFO - 	 Batch 600/1181, 	 loss: 0.0915
2024-03-05 04:06:50,557 - INFO - 	 Batch 800/1181, 	 loss: 0.0592
2024-03-05 04:07:47,813 - INFO - 	 Batch 1000/1181, 	 loss: 0.0695
2024-03-05 04:08:39,247 - INFO - 	 Epoch 1 - Training : Accuracy  = 0.8710, F1-Score Micro = 0.7143, F1-Score Macro = 0.5728
2024-03-05 04:09:14,807 - INFO - 	 Epoch 1 - Testing : Accuracy Micro  = 0.8496, F1-Score Micro = 0.6702, F1-Score Macro = 0.5218
2024-03-05 04:09:15,324 - INFO - 	 Save the best model at epoch(s) 1 - saved output: ../output-fine-tuning/bluebert_pubmed_uncased-fcl-True-False-False.pth
2024-03-05 04:09:15,611 - INFO - 	 Batch 0/1181, 	 loss: 0.0648
2024-03-05 04:10:12,811 - INFO - 	 Batch 200/1181, 	 loss: 0.0342
2024-03-05 04:11:10,103 - INFO - 	 Batch 400/1181, 	 loss: 0.0201
2024-03-05 04:12:07,430 - INFO - 	 Batch 600/1181, 	 loss: 0.0403
2024-03-05 04:13:04,730 - INFO - 	 Batch 800/1181, 	 loss: 0.0404
2024-03-05 04:14:02,028 - INFO - 	 Batch 1000/1181, 	 loss: 0.0825
2024-03-05 04:14:53,475 - INFO - 	 Epoch 2 - Training : Accuracy  = 0.9071, F1-Score Micro = 0.8088, F1-Score Macro = 0.6692
2024-03-05 04:15:29,036 - INFO - 	 Epoch 2 - Testing : Accuracy Micro  = 0.8512, F1-Score Micro = 0.6521, F1-Score Macro = 0.5210
2024-03-05 04:15:29,323 - INFO - 	 Batch 0/1181, 	 loss: 0.0380
2024-03-05 04:16:26,596 - INFO - 	 Batch 200/1181, 	 loss: 0.0208
2024-03-05 04:17:23,866 - INFO - 	 Batch 400/1181, 	 loss: 0.0308
2024-03-05 04:18:21,131 - INFO - 	 Batch 600/1181, 	 loss: 0.0749
2024-03-05 04:19:18,377 - INFO - 	 Batch 800/1181, 	 loss: 0.0396
2024-03-05 04:20:15,599 - INFO - 	 Batch 1000/1181, 	 loss: 0.0231
2024-03-05 04:21:07,066 - INFO - 	 Epoch 3 - Training : Accuracy  = 0.9303, F1-Score Micro = 0.8588, F1-Score Macro = 0.7194
2024-03-05 04:21:42,621 - INFO - 	 Epoch 3 - Testing : Accuracy Micro  = 0.8375, F1-Score Micro = 0.6339, F1-Score Macro = 0.5126
2024-03-05 04:21:42,621 - INFO - Best statistic for testing: 0.6702435158501439
2024-03-05 04:21:51,340 - INFO - 	 ########################################################## 

2024-03-05 04:21:51,341 - INFO - 			INFOMATION OF CONFIGURATION:
2024-03-05 04:21:51,341 - INFO - Namespace(based_process=True, batch_size=8, data_lemma=False, data_path='../Medical-Abstracts-TC-Corpus', epochs=3, learning_rate=5e-05, loss_type='fcl', max_length=512, model_dir='../pre-train', model_pretrain='clinicalBERT', output_dir='../output-fine-tuning', padding=True, reduce_gamma=0.2, reduce_step_size=2, scheduler=False, step_per_epoch=200, threshold=0.5, truncate=True)
2024-03-05 04:21:51,341 - INFO - 	 Loading and Processing training data. 

2024-03-05 04:21:51,341 - INFO - *** MedicalTextDataLoader: Data path: ../Medical-Abstracts-TC-Corpus
2024-03-05 04:21:51,341 - INFO - *** MedicalTextDataLoader: Data preprocess: preprocessed-medical_tc_train.csv
2024-03-05 04:21:51,667 - INFO - *** MedicalTextDataLoader: Loaded and process with 'normalize_medical_abstract' column
2024-03-05 04:21:51,670 - INFO - 	 Loading and Processing testing data. 

2024-03-05 04:21:51,670 - INFO - *** MedicalTextDataLoader: Data path: ../Medical-Abstracts-TC-Corpus
2024-03-05 04:21:51,670 - INFO - *** MedicalTextDataLoader: Data preprocess: preprocessed-medical_tc_test.csv
2024-03-05 04:21:51,766 - INFO - *** MedicalTextDataLoader: Loaded and process with 'normalize_medical_abstract' column
2024-03-05 04:21:51,804 - INFO - *** MedicalTextOptimizeLoss: MedicalText Optimization loss creating...
2024-03-05 04:21:55,684 - INFO - *** MedicalTextOptimizeLoss: MedicalText Optimization loss was loaded.
2024-03-05 04:21:55,685 - INFO - *** MedicalTextOptimizeLoss: Successfully created initialize_optimizer with scheduler: False
2024-03-05 04:22:25,195 - INFO - *** MedicalTextClassifier: Successfully created train-test DataLoader
2024-03-05 04:22:25,195 - INFO - *** MedicalTextClassifier: Training and Evaluating...
2024-03-05 04:22:25,442 - INFO - 	 Batch 0/1181, 	 loss: 0.1747
2024-03-05 04:22:57,446 - INFO - 	 Batch 200/1181, 	 loss: 0.0547
2024-03-05 04:23:29,564 - INFO - 	 Batch 400/1181, 	 loss: 0.1092
2024-03-05 04:24:01,726 - INFO - 	 Batch 600/1181, 	 loss: 0.1354
2024-03-05 04:24:33,945 - INFO - 	 Batch 800/1181, 	 loss: 0.0552
2024-03-05 04:25:06,169 - INFO - 	 Batch 1000/1181, 	 loss: 0.0904
2024-03-05 04:25:35,128 - INFO - 	 Epoch 1 - Training : Accuracy  = 0.8605, F1-Score Micro = 0.6868, F1-Score Macro = 0.5402
2024-03-05 04:25:53,168 - INFO - 	 Epoch 1 - Testing : Accuracy Micro  = 0.8527, F1-Score Micro = 0.6547, F1-Score Macro = 0.5147
2024-03-05 04:25:53,882 - INFO - 	 Save the best model at epoch(s) 1 - saved output: ../output-fine-tuning/clinicalBERT-fcl-True-False-False.pth
2024-03-05 04:25:54,044 - INFO - 	 Batch 0/1181, 	 loss: 0.0627
2024-03-05 04:26:26,287 - INFO - 	 Batch 200/1181, 	 loss: 0.0633
2024-03-05 04:26:58,526 - INFO - 	 Batch 400/1181, 	 loss: 0.0902
2024-03-05 04:27:30,773 - INFO - 	 Batch 600/1181, 	 loss: 0.0631
2024-03-05 04:28:03,020 - INFO - 	 Batch 800/1181, 	 loss: 0.0570
2024-03-05 04:28:35,265 - INFO - 	 Batch 1000/1181, 	 loss: 0.0605
2024-03-05 04:29:04,240 - INFO - 	 Epoch 2 - Training : Accuracy  = 0.8938, F1-Score Micro = 0.7783, F1-Score Macro = 0.6364
2024-03-05 04:29:22,282 - INFO - 	 Epoch 2 - Testing : Accuracy Micro  = 0.8476, F1-Score Micro = 0.6725, F1-Score Macro = 0.5338
2024-03-05 04:29:23,615 - INFO - 	 Save the best model at epoch(s) 2 - saved output: ../output-fine-tuning/clinicalBERT-fcl-True-False-False.pth
2024-03-05 04:29:23,778 - INFO - 	 Batch 0/1181, 	 loss: 0.0792
2024-03-05 04:29:56,023 - INFO - 	 Batch 200/1181, 	 loss: 0.0486
2024-03-05 04:30:28,272 - INFO - 	 Batch 400/1181, 	 loss: 0.0654
2024-03-05 04:31:00,524 - INFO - 	 Batch 600/1181, 	 loss: 0.0779
2024-03-05 04:31:32,771 - INFO - 	 Batch 800/1181, 	 loss: 0.0406
2024-03-05 04:32:05,007 - INFO - 	 Batch 1000/1181, 	 loss: 0.0156
2024-03-05 04:32:33,971 - INFO - 	 Epoch 3 - Training : Accuracy  = 0.9127, F1-Score Micro = 0.8208, F1-Score Macro = 0.6837
2024-03-05 04:32:52,008 - INFO - 	 Epoch 3 - Testing : Accuracy Micro  = 0.8425, F1-Score Micro = 0.6458, F1-Score Macro = 0.5134
2024-03-05 04:32:52,009 - INFO - Best statistic for testing: 0.6724951008645531
2024-03-05 04:33:00,793 - INFO - 	 ########################################################## 

2024-03-05 04:33:00,793 - INFO - 			INFOMATION OF CONFIGURATION:
2024-03-05 04:33:00,793 - INFO - Namespace(based_process=True, batch_size=8, data_lemma=False, data_path='../Medical-Abstracts-TC-Corpus', epochs=3, learning_rate=5e-05, loss_type='lbsmoothingloss', max_length=512, model_dir='../pre-train', model_pretrain='bert-base-uncased', output_dir='../output-fine-tuning', padding=True, reduce_gamma=0.2, reduce_step_size=2, scheduler=False, step_per_epoch=200, threshold=0.5, truncate=True)
2024-03-05 04:33:00,793 - INFO - 	 Loading and Processing training data. 

2024-03-05 04:33:00,793 - INFO - *** MedicalTextDataLoader: Data path: ../Medical-Abstracts-TC-Corpus
2024-03-05 04:33:00,793 - INFO - *** MedicalTextDataLoader: Data preprocess: preprocessed-medical_tc_train.csv
2024-03-05 04:33:01,111 - INFO - *** MedicalTextDataLoader: Loaded and process with 'normalize_medical_abstract' column
2024-03-05 04:33:01,113 - INFO - 	 Loading and Processing testing data. 

2024-03-05 04:33:01,114 - INFO - *** MedicalTextDataLoader: Data path: ../Medical-Abstracts-TC-Corpus
2024-03-05 04:33:01,114 - INFO - *** MedicalTextDataLoader: Data preprocess: preprocessed-medical_tc_test.csv
2024-03-05 04:33:01,207 - INFO - *** MedicalTextDataLoader: Loaded and process with 'normalize_medical_abstract' column
2024-03-05 04:33:01,243 - INFO - *** MedicalTextOptimizeLoss: MedicalText Optimization loss creating...
2024-03-05 04:33:04,636 - INFO - *** MedicalTextOptimizeLoss: MedicalText Optimization loss was loaded.
2024-03-05 04:33:04,637 - INFO - *** MedicalTextOptimizeLoss: Successfully created initialize_optimizer with scheduler: False
2024-03-05 04:33:34,027 - INFO - *** MedicalTextClassifier: Successfully created train-test DataLoader
2024-03-05 04:33:34,027 - INFO - *** MedicalTextClassifier: Training and Evaluating...
2024-03-05 04:33:34,416 - INFO - 	 Batch 0/1181, 	 loss: 0.1984
2024-03-05 04:34:31,203 - INFO - 	 Batch 200/1181, 	 loss: 0.1157
2024-03-05 04:35:28,301 - INFO - 	 Batch 400/1181, 	 loss: 0.0990
2024-03-05 04:36:25,530 - INFO - 	 Batch 600/1181, 	 loss: 0.1042
2024-03-05 04:37:22,784 - INFO - 	 Batch 800/1181, 	 loss: 0.1051
2024-03-05 04:38:20,012 - INFO - 	 Batch 1000/1181, 	 loss: 0.1068
2024-03-05 04:39:11,421 - INFO - 	 Epoch 1 - Training : Accuracy  = 0.8366, F1-Score Micro = 0.5514, F1-Score Macro = 0.3958
2024-03-05 04:39:46,982 - INFO - 	 Epoch 1 - Testing : Accuracy Micro  = 0.8549, F1-Score Micro = 0.6078, F1-Score Macro = 0.4356
2024-03-05 04:39:47,485 - INFO - 	 Save the best model at epoch(s) 1 - saved output: ../output-fine-tuning/bert-base-uncased-lbsmoothingloss-True-False-False.pth
2024-03-05 04:39:47,773 - INFO - 	 Batch 0/1181, 	 loss: 0.1081
2024-03-05 04:40:44,996 - INFO - 	 Batch 200/1181, 	 loss: 0.1076
2024-03-05 04:41:42,217 - INFO - 	 Batch 400/1181, 	 loss: 0.1035
2024-03-05 04:42:39,474 - INFO - 	 Batch 600/1181, 	 loss: 0.1097
2024-03-05 04:43:36,727 - INFO - 	 Batch 800/1181, 	 loss: 0.1264
2024-03-05 04:44:33,982 - INFO - 	 Batch 1000/1181, 	 loss: 0.1076
2024-03-05 04:45:25,465 - INFO - 	 Epoch 2 - Training : Accuracy  = 0.8814, F1-Score Micro = 0.7197, F1-Score Macro = 0.5580
2024-03-05 04:46:01,061 - INFO - 	 Epoch 2 - Testing : Accuracy Micro  = 0.8603, F1-Score Micro = 0.6344, F1-Score Macro = 0.4768
2024-03-05 04:46:01,958 - INFO - 	 Save the best model at epoch(s) 2 - saved output: ../output-fine-tuning/bert-base-uncased-lbsmoothingloss-True-False-False.pth
2024-03-05 04:46:02,247 - INFO - 	 Batch 0/1181, 	 loss: 0.1057
2024-03-05 04:46:59,539 - INFO - 	 Batch 200/1181, 	 loss: 0.1043
2024-03-05 04:47:56,734 - INFO - 	 Batch 400/1181, 	 loss: 0.0944
2024-03-05 04:48:53,937 - INFO - 	 Batch 600/1181, 	 loss: 0.1035
2024-03-05 04:49:51,134 - INFO - 	 Batch 800/1181, 	 loss: 0.0984
2024-03-05 04:50:48,350 - INFO - 	 Batch 1000/1181, 	 loss: 0.1360
2024-03-05 04:51:39,771 - INFO - 	 Epoch 3 - Training : Accuracy  = 0.9065, F1-Score Micro = 0.7904, F1-Score Macro = 0.6294
2024-03-05 04:52:15,363 - INFO - 	 Epoch 3 - Testing : Accuracy Micro  = 0.8483, F1-Score Micro = 0.6206, F1-Score Macro = 0.4792
2024-03-05 04:52:15,364 - INFO - Best statistic for testing: 0.6343746397694525
2024-03-05 04:52:23,950 - INFO - 	 ########################################################## 

2024-03-05 04:52:41,752 - INFO - 			INFOMATION OF CONFIGURATION:
2024-03-05 04:52:41,752 - INFO - Namespace(based_process=True, batch_size=8, data_lemma=False, data_path='../Medical-Abstracts-TC-Corpus', epochs=3, learning_rate=5e-05, loss_type='lbsmoothingloss', max_length=512, model_dir='../pre-train', model_pretrain='bioBERT_v1.1', output_dir='../output-fine-tuning', padding=True, reduce_gamma=0.2, reduce_step_size=2, scheduler=False, step_per_epoch=200, threshold=0.5, truncate=True)
2024-03-05 04:52:41,752 - INFO - 	 Loading and Processing training data. 

2024-03-05 04:52:41,752 - INFO - *** MedicalTextDataLoader: Data path: ../Medical-Abstracts-TC-Corpus
2024-03-05 04:52:41,752 - INFO - *** MedicalTextDataLoader: Data preprocess: preprocessed-medical_tc_train.csv
2024-03-05 04:52:42,072 - INFO - *** MedicalTextDataLoader: Loaded and process with 'normalize_medical_abstract' column
2024-03-05 04:52:42,074 - INFO - 	 Loading and Processing testing data. 

2024-03-05 04:52:42,075 - INFO - *** MedicalTextDataLoader: Data path: ../Medical-Abstracts-TC-Corpus
2024-03-05 04:52:42,075 - INFO - *** MedicalTextDataLoader: Data preprocess: preprocessed-medical_tc_test.csv
2024-03-05 04:52:42,168 - INFO - *** MedicalTextDataLoader: Loaded and process with 'normalize_medical_abstract' column
2024-03-05 04:52:42,207 - INFO - *** MedicalTextOptimizeLoss: MedicalText Optimization loss creating...
2024-03-05 04:52:45,589 - INFO - *** MedicalTextOptimizeLoss: MedicalText Optimization loss was loaded.
2024-03-05 04:52:45,590 - INFO - *** MedicalTextOptimizeLoss: Successfully created initialize_optimizer with scheduler: False
2024-03-05 04:53:08,990 - INFO - *** MedicalTextClassifier: Successfully created train-test DataLoader
2024-03-05 04:53:08,990 - INFO - *** MedicalTextClassifier: Training and Evaluating...
2024-03-05 04:53:09,366 - INFO - 	 Batch 0/1181, 	 loss: 0.2429
2024-03-05 04:54:06,134 - INFO - 	 Batch 200/1181, 	 loss: 0.1055
2024-03-05 04:55:03,259 - INFO - 	 Batch 400/1181, 	 loss: 0.1061
2024-03-05 04:56:00,479 - INFO - 	 Batch 600/1181, 	 loss: 0.1137
2024-03-05 04:56:57,706 - INFO - 	 Batch 800/1181, 	 loss: 0.1076
2024-03-05 04:57:54,959 - INFO - 	 Batch 1000/1181, 	 loss: 0.1151
2024-03-05 04:58:46,353 - INFO - 	 Epoch 1 - Training : Accuracy  = 0.8595, F1-Score Micro = 0.6512, F1-Score Macro = 0.5002
2024-03-05 04:59:21,875 - INFO - 	 Epoch 1 - Testing : Accuracy Micro  = 0.8587, F1-Score Micro = 0.6260, F1-Score Macro = 0.4729
2024-03-05 04:59:22,385 - INFO - 	 Save the best model at epoch(s) 1 - saved output: ../output-fine-tuning/bioBERT_v1.1-lbsmoothingloss-True-False-False.pth
2024-03-05 04:59:22,672 - INFO - 	 Batch 0/1181, 	 loss: 0.1086
2024-03-05 05:00:19,920 - INFO - 	 Batch 200/1181, 	 loss: 0.1198
2024-03-05 05:01:17,162 - INFO - 	 Batch 400/1181, 	 loss: 0.0939
2024-03-05 05:02:14,398 - INFO - 	 Batch 600/1181, 	 loss: 0.1105
2024-03-05 05:03:11,693 - INFO - 	 Batch 800/1181, 	 loss: 0.0984
2024-03-05 05:04:08,928 - INFO - 	 Batch 1000/1181, 	 loss: 0.1184
2024-03-05 05:05:00,334 - INFO - 	 Epoch 2 - Training : Accuracy  = 0.8967, F1-Score Micro = 0.7662, F1-Score Macro = 0.6072
2024-03-05 05:05:35,838 - INFO - 	 Epoch 2 - Testing : Accuracy Micro  = 0.8539, F1-Score Micro = 0.6468, F1-Score Macro = 0.5023
2024-03-05 05:05:36,834 - INFO - 	 Save the best model at epoch(s) 2 - saved output: ../output-fine-tuning/bioBERT_v1.1-lbsmoothingloss-True-False-False.pth
2024-03-05 05:05:37,123 - INFO - 	 Batch 0/1181, 	 loss: 0.1153
2024-03-05 05:06:34,329 - INFO - 	 Batch 200/1181, 	 loss: 0.1004
2024-03-05 05:07:31,545 - INFO - 	 Batch 400/1181, 	 loss: 0.0827
2024-03-05 05:08:28,787 - INFO - 	 Batch 600/1181, 	 loss: 0.1137
2024-03-05 05:09:26,028 - INFO - 	 Batch 800/1181, 	 loss: 0.0880
2024-03-05 05:10:23,291 - INFO - 	 Batch 1000/1181, 	 loss: 0.0949
2024-03-05 05:11:14,684 - INFO - 	 Epoch 3 - Training : Accuracy  = 0.9186, F1-Score Micro = 0.8212, F1-Score Macro = 0.6621
2024-03-05 05:11:50,188 - INFO - 	 Epoch 3 - Testing : Accuracy Micro  = 0.8494, F1-Score Micro = 0.6328, F1-Score Macro = 0.4947
2024-03-05 05:11:50,189 - INFO - Best statistic for testing: 0.6468423631123922
2024-03-05 05:11:59,010 - INFO - 	 ########################################################## 

2024-03-05 05:12:25,850 - INFO - 			INFOMATION OF CONFIGURATION:
2024-03-05 05:12:25,850 - INFO - Namespace(based_process=True, batch_size=8, data_lemma=False, data_path='../Medical-Abstracts-TC-Corpus', epochs=3, learning_rate=5e-05, loss_type='lbsmoothingloss', max_length=512, model_dir='../pre-train', model_pretrain='bluebert_pubmed_uncased', output_dir='../output-fine-tuning', padding=True, reduce_gamma=0.2, reduce_step_size=2, scheduler=False, step_per_epoch=200, threshold=0.5, truncate=True)
2024-03-05 05:12:25,850 - INFO - 	 Loading and Processing training data. 

2024-03-05 05:12:25,850 - INFO - *** MedicalTextDataLoader: Data path: ../Medical-Abstracts-TC-Corpus
2024-03-05 05:12:25,850 - INFO - *** MedicalTextDataLoader: Data preprocess: preprocessed-medical_tc_train.csv
2024-03-05 05:12:26,172 - INFO - *** MedicalTextDataLoader: Loaded and process with 'normalize_medical_abstract' column
2024-03-05 05:12:26,174 - INFO - 	 Loading and Processing testing data. 

2024-03-05 05:12:26,175 - INFO - *** MedicalTextDataLoader: Data path: ../Medical-Abstracts-TC-Corpus
2024-03-05 05:12:26,175 - INFO - *** MedicalTextDataLoader: Data preprocess: preprocessed-medical_tc_test.csv
2024-03-05 05:12:26,269 - INFO - *** MedicalTextDataLoader: Loaded and process with 'normalize_medical_abstract' column
2024-03-05 05:12:26,307 - INFO - *** MedicalTextOptimizeLoss: MedicalText Optimization loss creating...
2024-03-05 05:12:29,769 - INFO - *** MedicalTextOptimizeLoss: MedicalText Optimization loss was loaded.
2024-03-05 05:12:29,770 - INFO - *** MedicalTextOptimizeLoss: Successfully created initialize_optimizer with scheduler: False
2024-03-05 05:12:58,729 - INFO - *** MedicalTextClassifier: Successfully created train-test DataLoader
2024-03-05 05:12:58,729 - INFO - *** MedicalTextClassifier: Training and Evaluating...
2024-03-05 05:12:59,121 - INFO - 	 Batch 0/1181, 	 loss: 0.2240
2024-03-05 05:13:55,694 - INFO - 	 Batch 200/1181, 	 loss: 0.1296
2024-03-05 05:14:52,655 - INFO - 	 Batch 400/1181, 	 loss: 0.1213
2024-03-05 05:15:49,753 - INFO - 	 Batch 600/1181, 	 loss: 0.0941
2024-03-05 05:16:46,910 - INFO - 	 Batch 800/1181, 	 loss: 0.1000
2024-03-05 05:17:44,045 - INFO - 	 Batch 1000/1181, 	 loss: 0.1292
2024-03-05 05:18:35,363 - INFO - 	 Epoch 1 - Training : Accuracy  = 0.8340, F1-Score Micro = 0.5399, F1-Score Macro = 0.4018
2024-03-05 05:19:10,859 - INFO - 	 Epoch 1 - Testing : Accuracy Micro  = 0.8534, F1-Score Micro = 0.6488, F1-Score Macro = 0.4980
2024-03-05 05:19:11,373 - INFO - 	 Save the best model at epoch(s) 1 - saved output: ../output-fine-tuning/bluebert_pubmed_uncased-lbsmoothingloss-True-False-False.pth
2024-03-05 05:19:11,659 - INFO - 	 Batch 0/1181, 	 loss: 0.1065
2024-03-05 05:20:08,758 - INFO - 	 Batch 200/1181, 	 loss: 0.0938
2024-03-05 05:21:05,881 - INFO - 	 Batch 400/1181, 	 loss: 0.1047
2024-03-05 05:22:02,992 - INFO - 	 Batch 600/1181, 	 loss: 0.1045
2024-03-05 05:23:00,129 - INFO - 	 Batch 800/1181, 	 loss: 0.1060
2024-03-05 05:23:57,282 - INFO - 	 Batch 1000/1181, 	 loss: 0.0932
2024-03-05 05:24:48,616 - INFO - 	 Epoch 2 - Training : Accuracy  = 0.8798, F1-Score Micro = 0.7198, F1-Score Macro = 0.5623
2024-03-05 05:25:24,137 - INFO - 	 Epoch 2 - Testing : Accuracy Micro  = 0.8585, F1-Score Micro = 0.6523, F1-Score Macro = 0.5149
2024-03-05 05:25:24,967 - INFO - 	 Save the best model at epoch(s) 2 - saved output: ../output-fine-tuning/bluebert_pubmed_uncased-lbsmoothingloss-True-False-False.pth
2024-03-05 05:25:25,255 - INFO - 	 Batch 0/1181, 	 loss: 0.0980
2024-03-05 05:26:22,387 - INFO - 	 Batch 200/1181, 	 loss: 0.1099
2024-03-05 05:27:19,513 - INFO - 	 Batch 400/1181, 	 loss: 0.1147
2024-03-05 05:28:16,660 - INFO - 	 Batch 600/1181, 	 loss: 0.0884
2024-03-05 05:29:13,801 - INFO - 	 Batch 800/1181, 	 loss: 0.0964
2024-03-05 05:30:10,958 - INFO - 	 Batch 1000/1181, 	 loss: 0.0988
2024-03-05 05:31:02,318 - INFO - 	 Epoch 3 - Training : Accuracy  = 0.9001, F1-Score Micro = 0.7767, F1-Score Macro = 0.6215
2024-03-05 05:31:37,853 - INFO - 	 Epoch 3 - Testing : Accuracy Micro  = 0.8457, F1-Score Micro = 0.6242, F1-Score Macro = 0.4708
2024-03-05 05:31:37,854 - INFO - Best statistic for testing: 0.6522844380403456
2024-03-05 05:31:46,472 - INFO - 	 ########################################################## 

2024-03-05 05:31:46,472 - INFO - 			INFOMATION OF CONFIGURATION:
2024-03-05 05:31:46,472 - INFO - Namespace(based_process=True, batch_size=8, data_lemma=False, data_path='../Medical-Abstracts-TC-Corpus', epochs=3, learning_rate=5e-05, loss_type='lbsmoothingloss', max_length=512, model_dir='../pre-train', model_pretrain='clinicalBERT', output_dir='../output-fine-tuning', padding=True, reduce_gamma=0.2, reduce_step_size=2, scheduler=False, step_per_epoch=200, threshold=0.5, truncate=True)
2024-03-05 05:31:46,472 - INFO - 	 Loading and Processing training data. 

2024-03-05 05:31:46,472 - INFO - *** MedicalTextDataLoader: Data path: ../Medical-Abstracts-TC-Corpus
2024-03-05 05:31:46,472 - INFO - *** MedicalTextDataLoader: Data preprocess: preprocessed-medical_tc_train.csv
2024-03-05 05:31:46,794 - INFO - *** MedicalTextDataLoader: Loaded and process with 'normalize_medical_abstract' column
2024-03-05 05:31:46,797 - INFO - 	 Loading and Processing testing data. 

2024-03-05 05:31:46,797 - INFO - *** MedicalTextDataLoader: Data path: ../Medical-Abstracts-TC-Corpus
2024-03-05 05:31:46,797 - INFO - *** MedicalTextDataLoader: Data preprocess: preprocessed-medical_tc_test.csv
2024-03-05 05:31:46,891 - INFO - *** MedicalTextDataLoader: Loaded and process with 'normalize_medical_abstract' column
2024-03-05 05:31:46,927 - INFO - *** MedicalTextOptimizeLoss: MedicalText Optimization loss creating...
2024-03-05 05:31:50,649 - INFO - *** MedicalTextOptimizeLoss: MedicalText Optimization loss was loaded.
2024-03-05 05:31:50,649 - INFO - *** MedicalTextOptimizeLoss: Successfully created initialize_optimizer with scheduler: False
2024-03-05 05:32:21,083 - INFO - *** MedicalTextClassifier: Successfully created train-test DataLoader
2024-03-05 05:32:21,084 - INFO - *** MedicalTextClassifier: Training and Evaluating...
2024-03-05 05:32:21,341 - INFO - 	 Batch 0/1181, 	 loss: 0.1806
2024-03-05 05:32:53,344 - INFO - 	 Batch 200/1181, 	 loss: 0.1098
2024-03-05 05:33:25,443 - INFO - 	 Batch 400/1181, 	 loss: 0.1219
2024-03-05 05:33:57,629 - INFO - 	 Batch 600/1181, 	 loss: 0.1123
2024-03-05 05:34:29,841 - INFO - 	 Batch 800/1181, 	 loss: 0.1143
2024-03-05 05:35:02,069 - INFO - 	 Batch 1000/1181, 	 loss: 0.0985
2024-03-05 05:35:31,033 - INFO - 	 Epoch 1 - Training : Accuracy  = 0.8504, F1-Score Micro = 0.6139, F1-Score Macro = 0.4612
2024-03-05 05:35:49,042 - INFO - 	 Epoch 1 - Testing : Accuracy Micro  = 0.8625, F1-Score Micro = 0.6462, F1-Score Macro = 0.4927
2024-03-05 05:35:49,806 - INFO - 	 Save the best model at epoch(s) 1 - saved output: ../output-fine-tuning/clinicalBERT-lbsmoothingloss-True-False-False.pth
2024-03-05 05:35:49,968 - INFO - 	 Batch 0/1181, 	 loss: 0.1059
2024-03-05 05:36:22,215 - INFO - 	 Batch 200/1181, 	 loss: 0.0956
2024-03-05 05:36:54,472 - INFO - 	 Batch 400/1181, 	 loss: 0.0981
2024-03-05 05:37:26,734 - INFO - 	 Batch 600/1181, 	 loss: 0.1024
2024-03-05 05:37:58,988 - INFO - 	 Batch 800/1181, 	 loss: 0.1061
2024-03-05 05:38:31,244 - INFO - 	 Batch 1000/1181, 	 loss: 0.0961
2024-03-05 05:39:00,220 - INFO - 	 Epoch 2 - Training : Accuracy  = 0.8886, F1-Score Micro = 0.7430, F1-Score Macro = 0.5860
2024-03-05 05:39:18,244 - INFO - 	 Epoch 2 - Testing : Accuracy Micro  = 0.8582, F1-Score Micro = 0.6345, F1-Score Macro = 0.4847
2024-03-05 05:39:18,407 - INFO - 	 Batch 0/1181, 	 loss: 0.1304
2024-03-05 05:39:50,664 - INFO - 	 Batch 200/1181, 	 loss: 0.0977
2024-03-05 05:40:22,916 - INFO - 	 Batch 400/1181, 	 loss: 0.0989
2024-03-05 05:40:55,179 - INFO - 	 Batch 600/1181, 	 loss: 0.0961
2024-03-05 05:41:27,443 - INFO - 	 Batch 800/1181, 	 loss: 0.0990
2024-03-05 05:41:59,703 - INFO - 	 Batch 1000/1181, 	 loss: 0.0996
2024-03-05 05:42:28,680 - INFO - 	 Epoch 3 - Training : Accuracy  = 0.9125, F1-Score Micro = 0.8072, F1-Score Macro = 0.6527
2024-03-05 05:42:46,696 - INFO - 	 Epoch 3 - Testing : Accuracy Micro  = 0.8488, F1-Score Micro = 0.6240, F1-Score Macro = 0.4846
2024-03-05 05:42:46,697 - INFO - Best statistic for testing: 0.6462051873198846
2024-03-06 11:01:58,235 - INFO - 	 ########################################################## 

2024-03-06 11:01:58,235 - INFO - 			INFOMATION OF CONFIGURATION:
2024-03-06 11:01:58,235 - INFO - Namespace(based_process=True, batch_size=8, data_lemma=False, data_path='../Medical-Abstracts-TC-Corpus', epochs=3, learning_rate=5e-05, loss_type='lbsmoothingloss', max_length=512, model_dir='../pre-train', model_pretrain='roberta-base', output_dir='../output-fine-tuning', padding=True, reduce_gamma=0.2, reduce_step_size=2, scheduler=False, step_per_epoch=200, threshold=0.5, truncate=True)
2024-03-06 11:01:58,235 - INFO - 	 Loading and Processing training data. 

2024-03-06 11:01:58,235 - INFO - *** MedicalTextDataLoader: Data path: ../Medical-Abstracts-TC-Corpus
2024-03-06 11:01:58,235 - INFO - *** MedicalTextDataLoader: Data preprocess: preprocessed-medical_tc_train.csv
2024-03-06 11:01:58,556 - INFO - *** MedicalTextDataLoader: Loaded and process with 'normalize_medical_abstract' column
2024-03-06 11:01:58,558 - INFO - 	 Loading and Processing testing data. 

2024-03-06 11:01:58,558 - INFO - *** MedicalTextDataLoader: Data path: ../Medical-Abstracts-TC-Corpus
2024-03-06 11:01:58,559 - INFO - *** MedicalTextDataLoader: Data preprocess: preprocessed-medical_tc_test.csv
2024-03-06 11:01:58,651 - INFO - *** MedicalTextDataLoader: Loaded and process with 'normalize_medical_abstract' column
2024-03-06 11:01:58,688 - INFO - *** MedicalTextOptimizeLoss: MedicalText Optimization loss creating...
2024-03-06 11:02:02,275 - INFO - *** MedicalTextOptimizeLoss: MedicalText Optimization loss was loaded.
2024-03-06 11:02:02,276 - INFO - *** MedicalTextOptimizeLoss: Successfully created initialize_optimizer with scheduler: False
2024-03-06 11:02:12,492 - INFO - *** MedicalTextClassifier: Successfully created train-test DataLoader
2024-03-06 11:02:12,492 - INFO - *** MedicalTextClassifier: Training and Evaluating...
2024-03-06 11:02:12,824 - INFO - 	 Batch 0/1181, 	 loss: 0.1772
2024-03-06 11:03:09,279 - INFO - 	 Batch 200/1181, 	 loss: 0.1393
2024-03-06 11:04:06,291 - INFO - 	 Batch 400/1181, 	 loss: 0.1268
2024-03-06 11:05:03,826 - INFO - 	 Batch 600/1181, 	 loss: 0.1315
2024-03-06 11:06:01,203 - INFO - 	 Batch 800/1181, 	 loss: 0.1339
2024-03-06 11:06:58,604 - INFO - 	 Batch 1000/1181, 	 loss: 0.1390
2024-03-06 11:07:50,231 - INFO - 	 Epoch 1 - Training : Accuracy  = 0.7551, F1-Score Micro = 0.0077, F1-Score Macro = 0.0035
2024-03-06 11:08:25,587 - INFO - 	 Epoch 1 - Testing : Accuracy Micro  = 0.7911, F1-Score Micro = 0.0018, F1-Score Macro = 0.0008
2024-03-06 11:08:26,189 - INFO - 	 Save the best model at epoch(s) 1 - saved output: ../output-fine-tuning/roberta-base-lbsmoothingloss-True-False-False.pth
2024-03-06 11:08:26,478 - INFO - 	 Batch 0/1181, 	 loss: 0.1368
2024-03-06 11:09:24,035 - INFO - 	 Batch 200/1181, 	 loss: 0.1311
2024-03-06 11:10:21,690 - INFO - 	 Batch 400/1181, 	 loss: 0.1311
2024-03-06 11:11:19,363 - INFO - 	 Batch 600/1181, 	 loss: 0.1301
2024-03-06 11:12:17,062 - INFO - 	 Batch 800/1181, 	 loss: 0.1459
2024-03-06 11:13:14,768 - INFO - 	 Batch 1000/1181, 	 loss: 0.1364
2024-03-06 11:14:06,558 - INFO - 	 Epoch 2 - Training : Accuracy  = 0.7552, F1-Score Micro = 0.0014, F1-Score Macro = 0.0007
2024-03-06 11:14:41,983 - INFO - 	 Epoch 2 - Testing : Accuracy Micro  = 0.7916, F1-Score Micro = 0.0006, F1-Score Macro = 0.0004
2024-03-06 11:14:42,273 - INFO - 	 Batch 0/1181, 	 loss: 0.1374
2024-03-06 11:15:39,911 - INFO - 	 Batch 200/1181, 	 loss: 0.1334
2024-03-06 11:16:37,574 - INFO - 	 Batch 400/1181, 	 loss: 0.1321
2024-03-06 11:17:35,239 - INFO - 	 Batch 600/1181, 	 loss: 0.1297
2024-03-06 11:18:32,914 - INFO - 	 Batch 800/1181, 	 loss: 0.1454
2024-03-06 11:19:30,583 - INFO - 	 Batch 1000/1181, 	 loss: 0.1419
2024-03-06 11:20:22,411 - INFO - 	 Epoch 3 - Training : Accuracy  = 0.7554, F1-Score Micro = 0.0029, F1-Score Macro = 0.0012
2024-03-06 11:20:57,888 - INFO - 	 Epoch 3 - Testing : Accuracy Micro  = 0.7914, F1-Score Micro = 0.0000, F1-Score Macro = 0.0000
2024-03-06 11:20:57,888 - INFO - Best statistic for testing: 0.001793083573487032
2024-03-06 11:21:06,511 - INFO - 	 ########################################################## 

2024-03-06 11:21:06,511 - INFO - 			INFOMATION OF CONFIGURATION:
2024-03-06 11:21:06,511 - INFO - Namespace(based_process=True, batch_size=8, data_lemma=False, data_path='../Medical-Abstracts-TC-Corpus', epochs=3, learning_rate=5e-05, loss_type='lbsmoothingloss', max_length=512, model_dir='../pre-train', model_pretrain='alBERT_base_v2', output_dir='../output-fine-tuning', padding=True, reduce_gamma=0.2, reduce_step_size=2, scheduler=False, step_per_epoch=200, threshold=0.5, truncate=True)
2024-03-06 11:21:06,511 - INFO - 	 Loading and Processing training data. 

2024-03-06 11:21:06,511 - INFO - *** MedicalTextDataLoader: Data path: ../Medical-Abstracts-TC-Corpus
2024-03-06 11:21:06,511 - INFO - *** MedicalTextDataLoader: Data preprocess: preprocessed-medical_tc_train.csv
2024-03-06 11:21:06,830 - INFO - *** MedicalTextDataLoader: Loaded and process with 'normalize_medical_abstract' column
2024-03-06 11:21:06,832 - INFO - 	 Loading and Processing testing data. 

2024-03-06 11:21:06,832 - INFO - *** MedicalTextDataLoader: Data path: ../Medical-Abstracts-TC-Corpus
2024-03-06 11:21:06,833 - INFO - *** MedicalTextDataLoader: Data preprocess: preprocessed-medical_tc_test.csv
2024-03-06 11:21:06,926 - INFO - *** MedicalTextDataLoader: Loaded and process with 'normalize_medical_abstract' column
2024-03-06 11:21:06,963 - INFO - *** MedicalTextOptimizeLoss: MedicalText Optimization loss creating...
2024-03-06 11:21:09,594 - INFO - *** MedicalTextOptimizeLoss: MedicalText Optimization loss was loaded.
2024-03-06 11:21:09,595 - INFO - *** MedicalTextOptimizeLoss: Successfully created initialize_optimizer with scheduler: False
2024-03-06 11:21:22,586 - INFO - *** MedicalTextClassifier: Successfully created train-test DataLoader
2024-03-06 11:21:22,587 - INFO - *** MedicalTextClassifier: Training and Evaluating...
2024-03-06 11:21:22,934 - INFO - 	 Batch 0/1181, 	 loss: 0.1518
2024-03-06 11:22:22,315 - INFO - 	 Batch 200/1181, 	 loss: 0.1367
2024-03-06 11:23:22,043 - INFO - 	 Batch 400/1181, 	 loss: 0.1355
2024-03-06 11:24:21,744 - INFO - 	 Batch 600/1181, 	 loss: 0.1400
2024-03-06 11:25:21,409 - INFO - 	 Batch 800/1181, 	 loss: 0.1451
2024-03-06 11:26:21,095 - INFO - 	 Batch 1000/1181, 	 loss: 0.1433
2024-03-06 11:27:14,723 - INFO - 	 Epoch 1 - Training : Accuracy  = 0.7507, F1-Score Micro = 0.0409, F1-Score Macro = 0.0182
2024-03-06 11:27:53,141 - INFO - 	 Epoch 1 - Testing : Accuracy Micro  = 0.7916, F1-Score Micro = 0.0006, F1-Score Macro = 0.0002
2024-03-06 11:27:53,214 - INFO - 	 Save the best model at epoch(s) 1 - saved output: ../output-fine-tuning/alBERT_base_v2-lbsmoothingloss-True-False-False.pth
2024-03-06 11:27:53,511 - INFO - 	 Batch 0/1181, 	 loss: 0.1454
2024-03-06 11:28:53,098 - INFO - 	 Batch 200/1181, 	 loss: 0.1425
2024-03-06 11:29:52,687 - INFO - 	 Batch 400/1181, 	 loss: 0.1276
2024-03-06 11:30:52,186 - INFO - 	 Batch 600/1181, 	 loss: 0.1310
2024-03-06 11:31:51,668 - INFO - 	 Batch 800/1181, 	 loss: 0.1309
2024-03-06 11:32:51,162 - INFO - 	 Batch 1000/1181, 	 loss: 0.1576
2024-03-06 11:33:44,599 - INFO - 	 Epoch 2 - Training : Accuracy  = 0.7559, F1-Score Micro = 0.0215, F1-Score Macro = 0.0102
2024-03-06 11:34:22,936 - INFO - 	 Epoch 2 - Testing : Accuracy Micro  = 0.7916, F1-Score Micro = 0.0006, F1-Score Macro = 0.0002
2024-03-06 11:34:23,025 - INFO - 	 Save the best model at epoch(s) 2 - saved output: ../output-fine-tuning/alBERT_base_v2-lbsmoothingloss-True-False-False.pth
2024-03-06 11:34:23,324 - INFO - 	 Batch 0/1181, 	 loss: 0.1478
2024-03-06 11:35:22,747 - INFO - 	 Batch 200/1181, 	 loss: 0.1354
2024-03-06 11:36:22,175 - INFO - 	 Batch 400/1181, 	 loss: 0.1264
2024-03-06 11:37:21,630 - INFO - 	 Batch 600/1181, 	 loss: 0.1347
2024-03-06 11:38:21,147 - INFO - 	 Batch 800/1181, 	 loss: 0.1017
2024-03-06 11:39:20,647 - INFO - 	 Batch 1000/1181, 	 loss: 0.1102
2024-03-06 11:40:14,050 - INFO - 	 Epoch 3 - Training : Accuracy  = 0.7887, F1-Score Micro = 0.2663, F1-Score Macro = 0.1579
2024-03-06 11:40:52,368 - INFO - 	 Epoch 3 - Testing : Accuracy Micro  = 0.8243, F1-Score Micro = 0.5210, F1-Score Macro = 0.3272
2024-03-06 11:40:52,467 - INFO - 	 Save the best model at epoch(s) 3 - saved output: ../output-fine-tuning/alBERT_base_v2-lbsmoothingloss-True-False-False.pth
2024-03-06 11:40:52,467 - INFO - Best statistic for testing: 0.5210031700288187